#
# There is insufficient memory for the Java Runtime Environment to continue.
# Native memory allocation (mmap) failed to map 210763776 bytes for Failed to commit area from 0x000000008c300000 to 0x0000000098c00000 of length 210763776.
# Possible reasons:
#   The system is out of physical RAM or swap space
#   The process is running with CompressedOops enabled, and the Java Heap may be blocking the growth of the native heap
# Possible solutions:
#   Reduce memory load on the system
#   Increase physical memory or swap space
#   Check if swap backing store is full
#   Decrease Java heap size (-Xmx/-Xms)
#   Decrease number of Java threads
#   Decrease Java thread stack sizes (-Xss)
#   Set larger code cache with -XX:ReservedCodeCacheSize=
#   JVM is running with Unscaled Compressed Oops mode in which the Java heap is
#     placed in the first 4GB address space. The Java Heap base address is the
#     maximum limit for the native heap growth. Please use -XX:HeapBaseMinAddress
#     to set the Java Heap base and to place the Java Heap above 4GB virtual address.
# This output file may be truncated or incomplete.
#
#  Out of Memory Error (./src/hotspot/os/windows/os_windows.cpp:3303), pid=17832, tid=11216
#
# JRE version: OpenJDK Runtime Environment (11.0.8+10) (build 11.0.8+10-b944.6842174)
# Java VM: OpenJDK 64-Bit Server VM (11.0.8+10-b944.6842174, mixed mode, tiered, compressed oops, g1 gc, windows-amd64)
# No core dump will be written. Minidumps are not enabled by default on client versions of Windows
#

---------------  S U M M A R Y ------------

Command Line: --add-opens=java.base/java.util=ALL-UNNAMED --add-opens=java.base/java.lang=ALL-UNNAMED --add-opens=java.base/java.lang.invoke=ALL-UNNAMED --add-opens=java.prefs/java.util.prefs=ALL-UNNAMED -Xmx2048m -Dfile.encoding=UTF-8 -Duser.country=US -Duser.language=en -Duser.variant org.gradle.launcher.daemon.bootstrap.GradleDaemon 6.7.1

Host: Intel(R) Core(TM) i5-8265U CPU @ 1.60GHz, 8 cores, 7G,  Windows 10 , 64 bit Build 19041 (10.0.19041.928)
Time: Sun Jul 25 23:48:42 2021 GMT Standard Time elapsed time: 89 seconds (0d 0h 1m 29s)

---------------  T H R E A D  ---------------

Current thread (0x00000218a1adc000):  VMThread "VM Thread" [stack: 0x0000006fb7800000,0x0000006fb7900000] [id=11216]

Stack: [0x0000006fb7800000,0x0000006fb7900000]
[error occurred during error reporting (printing stack bounds), id 0xc0000005, EXCEPTION_ACCESS_VIOLATION (0xc0000005) at pc=0x000002188b160dad]

Native frames: (J=compiled Java code, j=interpreted, Vv=VM code, C=native code)
V  [jvm.dll+0x5de50a]
V  [jvm.dll+0x7122f5]
V  [jvm.dll+0x71384d]
V  [jvm.dll+0x713e65]
V  [jvm.dll+0x713e1b]
V  [jvm.dll+0x5dd958]
V  [jvm.dll+0x5de0f8]
C  [ntdll.dll+0xa217f]
C  [ntdll.dll+0x51454]
C  [ntdll.dll+0xa0cae]
C  0x000002188b160dad

VM_Operation (0x0000006fbb5fa0a0): G1CollectForAllocation, mode: safepoint, requested by thread 0x00000218a6752800


---------------  P R O C E S S  ---------------

Threads class SMR info:
_java_thread_list=0x00000218a86113e0, length=151, elements={
0x000002188566e000, 0x00000218a1ae2800, 0x00000218a1aec000, 0x00000218a1af7800,
0x00000218a1af8800, 0x00000218a1afa000, 0x00000218a1b06000, 0x00000218a1b0a800,
0x00000218a25b7800, 0x00000218a25c4000, 0x00000218a39c7000, 0x00000218a3605800,
0x00000218a32c9800, 0x00000218a4143800, 0x00000218a32bc000, 0x00000218a4137800,
0x00000218a413b000, 0x00000218a4136000, 0x00000218a4139800, 0x00000218a4137000,
0x00000218a413a000, 0x00000218a4135800, 0x00000218a413c000, 0x00000218a48b3000,
0x00000218a48b3800, 0x00000218a48b4800, 0x00000218a48ae800, 0x00000218a48b0800,
0x00000218a48b1000, 0x00000218a48b2000, 0x00000218a48b5000, 0x00000218a48af800,
0x00000218a48b7000, 0x00000218a48b6000, 0x00000218a48b9800, 0x00000218a48ba000,
0x00000218a48b8800, 0x00000218a48bc800, 0x00000218a48bb000, 0x00000218a674d800,
0x00000218a6750000, 0x00000218a6756000, 0x00000218a6757800, 0x00000218a6753800,
0x00000218a675a000, 0x00000218a6759000, 0x00000218a6756800, 0x00000218a6758800,
0x00000218a3007800, 0x00000218a3006800, 0x00000218a3008000, 0x00000218a3009000,
0x00000218a3003800, 0x00000218a300a000, 0x00000218a3005000, 0x00000218a3004000,
0x00000218a300a800, 0x00000218a300b800, 0x00000218a3006000, 0x00000218a3011000,
0x00000218a300c800, 0x00000218a300f000, 0x00000218a3010800, 0x00000218a300d000,
0x00000218a300f800, 0x00000218a3012000, 0x00000218a300e000, 0x00000218a5001000,
0x00000218a4fff800, 0x00000218a5004000, 0x00000218a5003800, 0x00000218a5001800,
0x00000218a4ffe800, 0x00000218a5000000, 0x00000218a5002800, 0x00000218a5006000,
0x00000218a5008800, 0x00000218a5006800, 0x00000218a5007800, 0x00000218a500a000,
0x00000218a5005000, 0x00000218a5009000, 0x00000218a500a800, 0x00000218a500b800,
0x00000218a500c800, 0x00000218a500d000, 0x00000218a4544000, 0x00000218a4542800,
0x00000218a4540000, 0x00000218a4543000, 0x00000218a453f000, 0x00000218a4545000,
0x00000218a4546800, 0x00000218a4545800, 0x00000218a4540800, 0x00000218a4541800,
0x00000218a454c000, 0x00000218a454d000, 0x00000218a454b800, 0x00000218a4547000,
0x00000218a454e000, 0x00000218a4549000, 0x00000218a4548000, 0x00000218a4549800,
0x00000218a454a800, 0x00000218a46e9000, 0x00000218a46ec800, 0x00000218a46e7800,
0x00000218a46ea000, 0x00000218a46e8800, 0x00000218a46e7000, 0x00000218a46ef000,
0x00000218a46ee000, 0x00000218a46ed800, 0x00000218a46eb000, 0x00000218a46f0000,
0x00000218a46eb800, 0x00000218a46f2000, 0x00000218a46f5800, 0x00000218a46f3000,
0x00000218a46f4000, 0x00000218a46f4800, 0x00000218a46f0800, 0x00000218a46f1800,
0x00000218a674e800, 0x00000218a674f800, 0x00000218a6751000, 0x00000218a674b000,
0x00000218a674d000, 0x00000218a6751800, 0x00000218a6755000, 0x00000218a6752800,
0x00000218a6754000, 0x00000218a48b7800, 0x00000218a48bd800, 0x00000218a48bc000,
0x00000218a4138800, 0x00000218ab775000, 0x00000218ab772800, 0x00000218ab771800,
0x00000218ab778000, 0x00000218ab775800, 0x00000218ab773800, 0x00000218ab776800,
0x00000218ab77a000, 0x00000218ab777800, 0x00000218ab779000, 0x00000218ab774000,
0x00000218ab77d000, 0x00000218ab77e000, 0x00000218ab77e800
}

Java Threads: ( => current thread )
  0x000002188566e000 JavaThread "main" [_thread_blocked, id=11696, stack(0x0000006fb7200000,0x0000006fb7300000)]
  0x00000218a1ae2800 JavaThread "Reference Handler" daemon [_thread_blocked, id=14032, stack(0x0000006fb7900000,0x0000006fb7a00000)]
  0x00000218a1aec000 JavaThread "Finalizer" daemon [_thread_blocked, id=17028, stack(0x0000006fb7a00000,0x0000006fb7b00000)]
  0x00000218a1af7800 JavaThread "Signal Dispatcher" daemon [_thread_blocked, id=12948, stack(0x0000006fb7b00000,0x0000006fb7c00000)]
  0x00000218a1af8800 JavaThread "Attach Listener" daemon [_thread_blocked, id=16332, stack(0x0000006fb7c00000,0x0000006fb7d00000)]
  0x00000218a1afa000 JavaThread "C2 CompilerThread0" daemon [_thread_blocked, id=3380, stack(0x0000006fb7d00000,0x0000006fb7e00000)]
  0x00000218a1b06000 JavaThread "C1 CompilerThread0" daemon [_thread_blocked, id=8356, stack(0x0000006fb7e00000,0x0000006fb7f00000)]
  0x00000218a1b0a800 JavaThread "Sweeper thread" daemon [_thread_blocked, id=10348, stack(0x0000006fb7f00000,0x0000006fb8000000)]
  0x00000218a25b7800 JavaThread "Common-Cleaner" daemon [_thread_blocked, id=6628, stack(0x0000006fb8000000,0x0000006fb8100000)]
  0x00000218a25c4000 JavaThread "Service Thread" daemon [_thread_blocked, id=20108, stack(0x0000006fb8100000,0x0000006fb8200000)]
  0x00000218a39c7000 JavaThread "Daemon health stats" [_thread_blocked, id=1124, stack(0x0000006fb8500000,0x0000006fb8600000)]
  0x00000218a3605800 JavaThread "Incoming local TCP Connector on port 58048" [_thread_in_native, id=7564, stack(0x0000006fb8800000,0x0000006fb8900000)]
  0x00000218a32c9800 JavaThread "Daemon periodic checks" [_thread_blocked, id=12460, stack(0x0000006fb8900000,0x0000006fb8a00000)]
  0x00000218a4143800 JavaThread "Daemon" [_thread_blocked, id=10700, stack(0x0000006fb8a00000,0x0000006fb8b00000)]
  0x00000218a32bc000 JavaThread "Daemon worker" [_thread_blocked, id=6668, stack(0x0000006fb8d00000,0x0000006fb8e00000)]
  0x00000218a4137800 JavaThread "Cache worker for file hash cache (C:\Users\anorak.act\.gradle\caches\6.7.1\fileHashes)" [_thread_blocked, id=8832, stack(0x0000006fb9600000,0x0000006fb9700000)]
  0x00000218a413b000 JavaThread "File lock request listener" [_thread_in_native, id=17416, stack(0x0000006fb9700000,0x0000006fb9800000)]
  0x00000218a4136000 JavaThread "Cache worker for journal cache (C:\Users\anorak.act\.gradle\caches\journal-1)" [_thread_blocked, id=14312, stack(0x0000006fb9900000,0x0000006fb9a00000)]
  0x00000218a4139800 JavaThread "jar transforms" [_thread_blocked, id=9300, stack(0x0000006fb9b00000,0x0000006fb9c00000)]
  0x00000218a4137000 JavaThread "jar transforms Thread 2" [_thread_blocked, id=20720, stack(0x0000006fb9c00000,0x0000006fb9d00000)]
  0x00000218a413a000 JavaThread "jar transforms Thread 3" [_thread_blocked, id=12020, stack(0x0000006fb9d00000,0x0000006fb9e00000)]
  0x00000218a4135800 JavaThread "jar transforms Thread 4" [_thread_blocked, id=6396, stack(0x0000006fb9e00000,0x0000006fb9f00000)]
  0x00000218a413c000 JavaThread "jar transforms Thread 5" [_thread_blocked, id=3016, stack(0x0000006fb9f00000,0x0000006fba000000)]
  0x00000218a48b3000 JavaThread "jar transforms Thread 6" [_thread_blocked, id=15484, stack(0x0000006fba000000,0x0000006fba100000)]
  0x00000218a48b3800 JavaThread "jar transforms Thread 7" [_thread_blocked, id=7428, stack(0x0000006fba100000,0x0000006fba200000)]
  0x00000218a48b4800 JavaThread "jar transforms Thread 8" [_thread_blocked, id=17688, stack(0x0000006fba200000,0x0000006fba300000)]
  0x00000218a48ae800 JavaThread "jar transforms Thread 9" [_thread_blocked, id=8732, stack(0x0000006fba300000,0x0000006fba400000)]
  0x00000218a48b0800 JavaThread "jar transforms Thread 10" [_thread_blocked, id=15392, stack(0x0000006fba400000,0x0000006fba500000)]
  0x00000218a48b1000 JavaThread "jar transforms Thread 11" [_thread_blocked, id=5888, stack(0x0000006fba500000,0x0000006fba600000)]
  0x00000218a48b2000 JavaThread "jar transforms Thread 12" [_thread_blocked, id=13656, stack(0x0000006fba600000,0x0000006fba700000)]
  0x00000218a48b5000 JavaThread "jar transforms Thread 13" [_thread_blocked, id=18348, stack(0x0000006fba700000,0x0000006fba800000)]
  0x00000218a48af800 JavaThread "jar transforms Thread 14" [_thread_blocked, id=14828, stack(0x0000006fba800000,0x0000006fba900000)]
  0x00000218a48b7000 JavaThread "jar transforms Thread 15" [_thread_blocked, id=9404, stack(0x0000006fba900000,0x0000006fbaa00000)]
  0x00000218a48b6000 JavaThread "jar transforms Thread 16" [_thread_blocked, id=12140, stack(0x0000006fbaa00000,0x0000006fbab00000)]
  0x00000218a48b9800 JavaThread "jar transforms Thread 17" [_thread_blocked, id=13604, stack(0x0000006fbab00000,0x0000006fbac00000)]
  0x00000218a48ba000 JavaThread "jar transforms Thread 18" [_thread_blocked, id=20276, stack(0x0000006fbac00000,0x0000006fbad00000)]
  0x00000218a48b8800 JavaThread "jar transforms Thread 19" [_thread_blocked, id=8032, stack(0x0000006fbad00000,0x0000006fbae00000)]
  0x00000218a48bc800 JavaThread "jar transforms Thread 20" [_thread_blocked, id=7068, stack(0x0000006fbae00000,0x0000006fbaf00000)]
  0x00000218a48bb000 JavaThread "jar transforms Thread 21" [_thread_blocked, id=19736, stack(0x0000006fbaf00000,0x0000006fbb000000)]
  0x00000218a674d800 JavaThread "Cache worker for execution history cache (C:\Users\anorak.act\.gradle\caches\6.7.1\executionHistory)" [_thread_blocked, id=9264, stack(0x0000006fbb300000,0x0000006fbb400000)]
  0x00000218a6750000 JavaThread "Cache worker for file content cache (C:\Users\anorak.act\.gradle\caches\6.7.1\fileContent)" [_thread_blocked, id=12416, stack(0x0000006fbb400000,0x0000006fbb500000)]
  0x00000218a6756000 JavaThread "jar transforms Thread 22" [_thread_blocked, id=18820, stack(0x0000006fbbe00000,0x0000006fbbf00000)]
  0x00000218a6757800 JavaThread "jar transforms Thread 23" [_thread_blocked, id=18376, stack(0x0000006fbbf00000,0x0000006fbc000000)]
  0x00000218a6753800 JavaThread "jar transforms Thread 24" [_thread_blocked, id=16892, stack(0x0000006fbc000000,0x0000006fbc100000)]
  0x00000218a675a000 JavaThread "jar transforms Thread 25" [_thread_blocked, id=17768, stack(0x0000006fbc100000,0x0000006fbc200000)]
  0x00000218a6759000 JavaThread "jar transforms Thread 26" [_thread_blocked, id=21408, stack(0x0000006fbc200000,0x0000006fbc300000)]
  0x00000218a6756800 JavaThread "jar transforms Thread 27" [_thread_blocked, id=2860, stack(0x0000006fbc300000,0x0000006fbc400000)]
  0x00000218a6758800 JavaThread "jar transforms Thread 28" [_thread_blocked, id=16592, stack(0x0000006fbc400000,0x0000006fbc500000)]
  0x00000218a3007800 JavaThread "jar transforms Thread 29" [_thread_blocked, id=9756, stack(0x0000006fbc500000,0x0000006fbc600000)]
  0x00000218a3006800 JavaThread "jar transforms Thread 30" [_thread_blocked, id=8328, stack(0x0000006fbc600000,0x0000006fbc700000)]
  0x00000218a3008000 JavaThread "jar transforms Thread 31" [_thread_blocked, id=17076, stack(0x0000006fbc700000,0x0000006fbc800000)]
  0x00000218a3009000 JavaThread "jar transforms Thread 32" [_thread_blocked, id=14944, stack(0x0000006fbc800000,0x0000006fbc900000)]
  0x00000218a3003800 JavaThread "jar transforms Thread 33" [_thread_blocked, id=7656, stack(0x0000006fbc900000,0x0000006fbca00000)]
  0x00000218a300a000 JavaThread "jar transforms Thread 34" [_thread_blocked, id=10196, stack(0x0000006fbca00000,0x0000006fbcb00000)]
  0x00000218a3005000 JavaThread "jar transforms Thread 35" [_thread_blocked, id=17744, stack(0x0000006fbcb00000,0x0000006fbcc00000)]
  0x00000218a3004000 JavaThread "jar transforms Thread 36" [_thread_blocked, id=3688, stack(0x0000006fbcc00000,0x0000006fbcd00000)]
  0x00000218a300a800 JavaThread "jar transforms Thread 37" [_thread_blocked, id=15728, stack(0x0000006fbcd00000,0x0000006fbce00000)]
  0x00000218a300b800 JavaThread "jar transforms Thread 38" [_thread_blocked, id=9524, stack(0x0000006fbce00000,0x0000006fbcf00000)]
  0x00000218a3006000 JavaThread "jar transforms Thread 39" [_thread_blocked, id=17240, stack(0x0000006fbcf00000,0x0000006fbd000000)]
  0x00000218a3011000 JavaThread "jar transforms Thread 40" [_thread_blocked, id=8264, stack(0x0000006fbd000000,0x0000006fbd100000)]
  0x00000218a300c800 JavaThread "jar transforms Thread 41" [_thread_blocked, id=17800, stack(0x0000006fbd100000,0x0000006fbd200000)]
  0x00000218a300f000 JavaThread "jar transforms Thread 42" [_thread_blocked, id=19100, stack(0x0000006fbd200000,0x0000006fbd300000)]
  0x00000218a3010800 JavaThread "jar transforms Thread 43" [_thread_blocked, id=3628, stack(0x0000006fbd300000,0x0000006fbd400000)]
  0x00000218a300d000 JavaThread "jar transforms Thread 44" [_thread_blocked, id=18480, stack(0x0000006fbd400000,0x0000006fbd500000)]
  0x00000218a300f800 JavaThread "jar transforms Thread 45" [_thread_blocked, id=11712, stack(0x0000006fbd500000,0x0000006fbd600000)]
  0x00000218a3012000 JavaThread "jar transforms Thread 46" [_thread_blocked, id=6112, stack(0x0000006fbd600000,0x0000006fbd700000)]
  0x00000218a300e000 JavaThread "jar transforms Thread 47" [_thread_blocked, id=8968, stack(0x0000006fbd700000,0x0000006fbd800000)]
  0x00000218a5001000 JavaThread "jar transforms Thread 48" [_thread_blocked, id=3152, stack(0x0000006fbd800000,0x0000006fbd900000)]
  0x00000218a4fff800 JavaThread "jar transforms Thread 49" [_thread_blocked, id=18764, stack(0x0000006fbd900000,0x0000006fbda00000)]
  0x00000218a5004000 JavaThread "jar transforms Thread 50" [_thread_blocked, id=7296, stack(0x0000006fbda00000,0x0000006fbdb00000)]
  0x00000218a5003800 JavaThread "jar transforms Thread 51" [_thread_blocked, id=9304, stack(0x0000006fbdb00000,0x0000006fbdc00000)]
  0x00000218a5001800 JavaThread "jar transforms Thread 52" [_thread_blocked, id=17488, stack(0x0000006fbdc00000,0x0000006fbdd00000)]
  0x00000218a4ffe800 JavaThread "jar transforms Thread 53" [_thread_blocked, id=20964, stack(0x0000006fbdd00000,0x0000006fbde00000)]
  0x00000218a5000000 JavaThread "jar transforms Thread 54" [_thread_blocked, id=19076, stack(0x0000006fbde00000,0x0000006fbdf00000)]
  0x00000218a5002800 JavaThread "jar transforms Thread 55" [_thread_blocked, id=13364, stack(0x0000006fbdf00000,0x0000006fbe000000)]
  0x00000218a5006000 JavaThread "jar transforms Thread 56" [_thread_blocked, id=6880, stack(0x0000006fbe000000,0x0000006fbe100000)]
  0x00000218a5008800 JavaThread "jar transforms Thread 57" [_thread_blocked, id=9020, stack(0x0000006fbe100000,0x0000006fbe200000)]
  0x00000218a5006800 JavaThread "jar transforms Thread 58" [_thread_blocked, id=12904, stack(0x0000006fbe200000,0x0000006fbe300000)]
  0x00000218a5007800 JavaThread "jar transforms Thread 59" [_thread_blocked, id=20024, stack(0x0000006fbe300000,0x0000006fbe400000)]
  0x00000218a500a000 JavaThread "jar transforms Thread 60" [_thread_blocked, id=17628, stack(0x0000006fbe400000,0x0000006fbe500000)]
  0x00000218a5005000 JavaThread "jar transforms Thread 61" [_thread_blocked, id=6176, stack(0x0000006fbe500000,0x0000006fbe600000)]
  0x00000218a5009000 JavaThread "jar transforms Thread 62" [_thread_blocked, id=6972, stack(0x0000006fbe600000,0x0000006fbe700000)]
  0x00000218a500a800 JavaThread "jar transforms Thread 63" [_thread_blocked, id=17668, stack(0x0000006fbe700000,0x0000006fbe800000)]
  0x00000218a500b800 JavaThread "jar transforms Thread 64" [_thread_blocked, id=1624, stack(0x0000006fbe800000,0x0000006fbe900000)]
  0x00000218a500c800 JavaThread "jar transforms Thread 65" [_thread_blocked, id=5768, stack(0x0000006fbe900000,0x0000006fbea00000)]
  0x00000218a500d000 JavaThread "jar transforms Thread 66" [_thread_blocked, id=5928, stack(0x0000006fbea00000,0x0000006fbeb00000)]
  0x00000218a4544000 JavaThread "jar transforms Thread 67" [_thread_blocked, id=14132, stack(0x0000006fbeb00000,0x0000006fbec00000)]
  0x00000218a4542800 JavaThread "jar transforms Thread 68" [_thread_blocked, id=14952, stack(0x0000006fbec00000,0x0000006fbed00000)]
  0x00000218a4540000 JavaThread "jar transforms Thread 69" [_thread_blocked, id=14744, stack(0x0000006fbed00000,0x0000006fbee00000)]
  0x00000218a4543000 JavaThread "jar transforms Thread 70" [_thread_blocked, id=17012, stack(0x0000006fbee00000,0x0000006fbef00000)]
  0x00000218a453f000 JavaThread "jar transforms Thread 71" [_thread_blocked, id=19860, stack(0x0000006fbef00000,0x0000006fbf000000)]
  0x00000218a4545000 JavaThread "jar transforms Thread 72" [_thread_blocked, id=7572, stack(0x0000006fbf000000,0x0000006fbf100000)]
  0x00000218a4546800 JavaThread "jar transforms Thread 73" [_thread_blocked, id=18672, stack(0x0000006fbf100000,0x0000006fbf200000)]
  0x00000218a4545800 JavaThread "jar transforms Thread 74" [_thread_blocked, id=16348, stack(0x0000006fbf200000,0x0000006fbf300000)]
  0x00000218a4540800 JavaThread "jar transforms Thread 75" [_thread_blocked, id=18736, stack(0x0000006fbf300000,0x0000006fbf400000)]
  0x00000218a4541800 JavaThread "jar transforms Thread 76" [_thread_blocked, id=16060, stack(0x0000006fbf400000,0x0000006fbf500000)]
  0x00000218a454c000 JavaThread "jar transforms Thread 77" [_thread_blocked, id=19280, stack(0x0000006fbf500000,0x0000006fbf600000)]
  0x00000218a454d000 JavaThread "jar transforms Thread 78" [_thread_blocked, id=8476, stack(0x0000006fbf600000,0x0000006fbf700000)]
  0x00000218a454b800 JavaThread "jar transforms Thread 79" [_thread_blocked, id=3648, stack(0x0000006fbf700000,0x0000006fbf800000)]
  0x00000218a4547000 JavaThread "jar transforms Thread 80" [_thread_blocked, id=9552, stack(0x0000006fbf800000,0x0000006fbf900000)]
  0x00000218a454e000 JavaThread "jar transforms Thread 81" [_thread_blocked, id=456, stack(0x0000006fbf900000,0x0000006fbfa00000)]
  0x00000218a4549000 JavaThread "jar transforms Thread 82" [_thread_blocked, id=17932, stack(0x0000006fbfa00000,0x0000006fbfb00000)]
  0x00000218a4548000 JavaThread "jar transforms Thread 83" [_thread_blocked, id=19288, stack(0x0000006fbfb00000,0x0000006fbfc00000)]
  0x00000218a4549800 JavaThread "jar transforms Thread 84" [_thread_blocked, id=1236, stack(0x0000006fbfc00000,0x0000006fbfd00000)]
  0x00000218a454a800 JavaThread "jar transforms Thread 85" [_thread_blocked, id=16236, stack(0x0000006fbfd00000,0x0000006fbfe00000)]
  0x00000218a46e9000 JavaThread "jar transforms Thread 86" [_thread_blocked, id=840, stack(0x0000006fbfe00000,0x0000006fbff00000)]
  0x00000218a46ec800 JavaThread "jar transforms Thread 87" [_thread_blocked, id=5796, stack(0x0000006fbff00000,0x0000006fc0000000)]
  0x00000218a46e7800 JavaThread "jar transforms Thread 88" [_thread_blocked, id=15372, stack(0x0000006fc0000000,0x0000006fc0100000)]
  0x00000218a46ea000 JavaThread "jar transforms Thread 89" [_thread_blocked, id=12888, stack(0x0000006fc0100000,0x0000006fc0200000)]
  0x00000218a46e8800 JavaThread "jar transforms Thread 90" [_thread_blocked, id=17396, stack(0x0000006fc0200000,0x0000006fc0300000)]
  0x00000218a46e7000 JavaThread "jar transforms Thread 91" [_thread_blocked, id=4124, stack(0x0000006fc0300000,0x0000006fc0400000)]
  0x00000218a46ef000 JavaThread "jar transforms Thread 92" [_thread_blocked, id=14088, stack(0x0000006fc0400000,0x0000006fc0500000)]
  0x00000218a46ee000 JavaThread "jar transforms Thread 93" [_thread_blocked, id=13708, stack(0x0000006fc0500000,0x0000006fc0600000)]
  0x00000218a46ed800 JavaThread "jar transforms Thread 94" [_thread_blocked, id=5956, stack(0x0000006fc0600000,0x0000006fc0700000)]
  0x00000218a46eb000 JavaThread "jar transforms Thread 95" [_thread_blocked, id=20256, stack(0x0000006fc0700000,0x0000006fc0800000)]
  0x00000218a46f0000 JavaThread "jar transforms Thread 96" [_thread_blocked, id=19368, stack(0x0000006fc0800000,0x0000006fc0900000)]
  0x00000218a46eb800 JavaThread "jar transforms Thread 97" [_thread_blocked, id=20628, stack(0x0000006fc0900000,0x0000006fc0a00000)]
  0x00000218a46f2000 JavaThread "Memory manager" [_thread_blocked, id=15812, stack(0x0000006fc0a00000,0x0000006fc0b00000)]
  0x00000218a46f5800 JavaThread "pool-3-thread-1" [_thread_blocked, id=21136, stack(0x0000006fc0b00000,0x0000006fc0c00000)]
  0x00000218a46f3000 JavaThread "Handler for socket connection from /127.0.0.1:58048 to /127.0.0.1:58099" [_thread_in_native, id=19588, stack(0x0000006fb6f00000,0x0000006fb7000000)]
  0x00000218a46f4000 JavaThread "Cancel handler" [_thread_blocked, id=21172, stack(0x0000006fb7000000,0x0000006fb7100000)]
  0x00000218a46f4800 JavaThread "Asynchronous log dispatcher for DefaultDaemonConnection: socket connection from /127.0.0.1:58048 to /127.0.0.1:58099" [_thread_blocked, id=16840, stack(0x0000006fb7100000,0x0000006fb7200000)]
  0x00000218a46f0800 JavaThread "Stdin handler" [_thread_blocked, id=3964, stack(0x0000006fb8b00000,0x0000006fb8c00000)]
  0x00000218a46f1800 JavaThread "Thread-135" [_thread_blocked, id=7536, stack(0x0000006fb8c00000,0x0000006fb8d00000)]
  0x00000218a674e800 JavaThread "Cache worker for file hash cache (C:\Users\anorak.act\AndroidStudioProjects\T\.gradle\6.7.1\fileHashes)" [_thread_blocked, id=14784, stack(0x0000006fb8e00000,0x0000006fb8f00000)]
  0x00000218a674f800 JavaThread "Cache worker for checksums cache (C:\Users\anorak.act\AndroidStudioProjects\T\.gradle\checksums)" [_thread_blocked, id=17048, stack(0x0000006fb8f00000,0x0000006fb9000000)]
  0x00000218a6751000 JavaThread "Cache worker for cache directory md-supplier (C:\Users\anorak.act\.gradle\caches\6.7.1\md-supplier)" [_thread_blocked, id=15224, stack(0x0000006fb9000000,0x0000006fb9100000)]
  0x00000218a674b000 JavaThread "Cache worker for cache directory md-rule (C:\Users\anorak.act\.gradle\caches\6.7.1\md-rule)" [_thread_blocked, id=20632, stack(0x0000006fb9a00000,0x0000006fb9b00000)]
  0x00000218a674d000 JavaThread "Cache worker for Build Output Cleanup Cache (C:\Users\anorak.act\AndroidStudioProjects\T\.gradle\buildOutputCleanup)" [_thread_blocked, id=16720, stack(0x0000006fbb000000,0x0000006fbb100000)]
  0x00000218a6751800 JavaThread "Build operations" [_thread_blocked, id=10336, stack(0x0000006fbb100000,0x0000006fbb200000)]
  0x00000218a6755000 JavaThread "Build operations Thread 2" [_thread_blocked, id=7140, stack(0x0000006fbb200000,0x0000006fbb300000)]
  0x00000218a6752800 JavaThread "Build operations Thread 3" [_thread_blocked, id=3332, stack(0x0000006fbb500000,0x0000006fbb600000)]
  0x00000218a6754000 JavaThread "Build operations Thread 4" [_thread_blocked, id=10948, stack(0x0000006fbb600000,0x0000006fbb700000)]
  0x00000218a48b7800 JavaThread "Build operations Thread 5" [_thread_blocked, id=6168, stack(0x0000006fbb700000,0x0000006fbb800000)]
  0x00000218a48bd800 JavaThread "Build operations Thread 6" [_thread_blocked, id=19500, stack(0x0000006fbb800000,0x0000006fbb900000)]
  0x00000218a48bc000 JavaThread "Build operations Thread 7" [_thread_blocked, id=15004, stack(0x0000006fbb900000,0x0000006fbba00000)]
  0x00000218a4138800 JavaThread "Build operations Thread 8" [_thread_blocked, id=19268, stack(0x0000006fbba00000,0x0000006fbbb00000)]
  0x00000218ab775000 JavaThread "build event listener" [_thread_blocked, id=14896, stack(0x0000006fbbb00000,0x0000006fbbc00000)]
  0x00000218ab772800 JavaThread "pool-6-thread-1" [_thread_blocked, id=10400, stack(0x0000006fbbc00000,0x0000006fbbd00000)]
  0x00000218ab771800 JavaThread "build event listener" [_thread_blocked, id=7700, stack(0x0000006fbbd00000,0x0000006fbbe00000)]
  0x00000218ab778000 JavaThread "Execution worker for ':'" [_thread_blocked, id=17548, stack(0x0000006fc0d00000,0x0000006fc0e00000)]
  0x00000218ab775800 JavaThread "Execution worker for ':' Thread 2" [_thread_blocked, id=19240, stack(0x0000006fc0e00000,0x0000006fc0f00000)]
  0x00000218ab773800 JavaThread "Execution worker for ':' Thread 3" [_thread_blocked, id=17300, stack(0x0000006fc0f00000,0x0000006fc1000000)]
  0x00000218ab776800 JavaThread "Execution worker for ':' Thread 4" [_thread_blocked, id=7456, stack(0x0000006fc1000000,0x0000006fc1100000)]
  0x00000218ab77a000 JavaThread "Execution worker for ':' Thread 5" [_thread_blocked, id=20468, stack(0x0000006fc1100000,0x0000006fc1200000)]
  0x00000218ab777800 JavaThread "Execution worker for ':' Thread 6" [_thread_blocked, id=10332, stack(0x0000006fc1200000,0x0000006fc1300000)]
  0x00000218ab779000 JavaThread "Execution worker for ':' Thread 7" [_thread_blocked, id=12192, stack(0x0000006fc1300000,0x0000006fc1400000)]
  0x00000218ab774000 JavaThread "Cache worker for execution history cache (C:\Users\anorak.act\AndroidStudioProjects\T\.gradle\6.7.1\executionHistory)" [_thread_blocked, id=18004, stack(0x0000006fc1400000,0x0000006fc1500000)]
  0x00000218ab77d000 JavaThread "WorkerExecutor Queue" [_thread_blocked, id=16776, stack(0x0000006fc1500000,0x0000006fc1600000)]
  0x00000218ab77e000 JavaThread "WorkerExecutor Queue Thread 2" [_thread_blocked, id=17576, stack(0x0000006fc1600000,0x0000006fc1700000)]
  0x00000218ab77e800 JavaThread "WorkerExecutor Queue Thread 3" [_thread_blocked, id=4516, stack(0x0000006fc1700000,0x0000006fc1800000)]

Other Threads:
=>0x00000218a1adc000 VMThread "VM Thread" [stack: 0x0000006fb7800000,0x0000006fb7900000] [id=11216]
  0x00000218a25c4800 WatcherThread [stack: 0x0000006fb8200000,0x0000006fb8300000] [id=19812]
  0x00000218877f0800 GCTaskThread "GC Thread#0" [stack: 0x0000006fb7300000,0x0000006fb7400000] [id=5360]
  0x00000218a2ef5000 GCTaskThread "GC Thread#1" [stack: 0x0000006fb8300000,0x0000006fb8400000] [id=21096]
  0x00000218a2f19000 GCTaskThread "GC Thread#2" [stack: 0x0000006fb8400000,0x0000006fb8500000] [id=7688]
  0x00000218a2e8a800 GCTaskThread "GC Thread#3" [stack: 0x0000006fb9100000,0x0000006fb9200000] [id=8916]
  0x00000218a2849800 GCTaskThread "GC Thread#4" [stack: 0x0000006fb9200000,0x0000006fb9300000] [id=16372]
  0x00000218a42ff000 GCTaskThread "GC Thread#5" [stack: 0x0000006fb9300000,0x0000006fb9400000] [id=11340]
  0x00000218a3f61000 GCTaskThread "GC Thread#6" [stack: 0x0000006fb9400000,0x0000006fb9500000] [id=10980]
  0x00000218a2f72000 GCTaskThread "GC Thread#7" [stack: 0x0000006fb9500000,0x0000006fb9600000] [id=18204]
  0x0000021887823000 ConcurrentGCThread "G1 Main Marker" [stack: 0x0000006fb7400000,0x0000006fb7500000] [id=18688]
  0x000002188782a000 ConcurrentGCThread "G1 Conc#0" [stack: 0x0000006fb7500000,0x0000006fb7600000] [id=1564]
  0x00000218a27ba000 ConcurrentGCThread "G1 Conc#1" [stack: 0x0000006fb9800000,0x0000006fb9900000] [id=16216]
  0x00000218878b6800 ConcurrentGCThread "G1 Refine#0" [stack: 0x0000006fb7600000,0x0000006fb7700000] [id=17352]
  0x00000218a1930800 ConcurrentGCThread "G1 Young RemSet Sampling" [stack: 0x0000006fb7700000,0x0000006fb7800000] [id=21308]

Threads with active compile tasks:
C2 CompilerThread0  91973 12665   !   4       com.android.tools.r8.graph.q0::p (91 bytes)

VM state:at safepoint (normal execution)

VM Mutex/Monitor currently owned by a thread:  ([mutex/lock_event])
[0x000002188566a1b0] Threads_lock - owner thread: 0x00000218a1adc000
[0x000002188566a3f0] Heap_lock - owner thread: 0x00000218a6752800

Heap address: 0x0000000080000000, size: 2048 MB, Compressed Oops mode: 32-bit
Narrow klass base: 0x0000000000000000, Narrow klass shift: 3
Compressed class space size: 1073741824 Address: 0x0000000100000000

Heap:
 garbage-first heap   total 405504K, used 143681K [0x0000000080000000, 0x0000000100000000)
  region size 1024K, 4 young (4096K), 4 survivors (4096K)
 Metaspace       used 111790K, capacity 114688K, committed 114764K, reserved 1148928K
  class space    used 14092K, capacity 15145K, committed 15180K, reserved 1048576K
Heap Regions: E=young(eden), S=young(survivor), O=old, HS=humongous(starts), HC=humongous(continues), CS=collection set, F=free, A=archive, TAMS=top-at-mark-start (previous, next)
|   0|0x0000000080000000, 0x0000000080100000, 0x0000000080100000|100%| O|  |TAMS 0x0000000080100000, 0x0000000080000000| Updating 
|   1|0x0000000080100000, 0x0000000080200000, 0x0000000080200000|100%| O|  |TAMS 0x0000000080200000, 0x0000000080100000| Updating 
|   2|0x0000000080200000, 0x0000000080300000, 0x0000000080300000|100%| O|  |TAMS 0x0000000080300000, 0x0000000080200000| Updating 
|   3|0x0000000080300000, 0x0000000080400000, 0x0000000080400000|100%|HS|  |TAMS 0x0000000080400000, 0x0000000080300000| Complete 
|   4|0x0000000080400000, 0x0000000080500000, 0x0000000080500000|100%|HC|  |TAMS 0x0000000080500000, 0x0000000080400000| Complete 
|   5|0x0000000080500000, 0x0000000080600000, 0x0000000080600000|100%|HC|  |TAMS 0x0000000080600000, 0x0000000080500000| Complete 
|   6|0x0000000080600000, 0x0000000080700000, 0x0000000080700000|100%| O|  |TAMS 0x0000000080700000, 0x0000000080600000| Updating 
|   7|0x0000000080700000, 0x0000000080800000, 0x0000000080800000|100%| O|  |TAMS 0x0000000080800000, 0x0000000080700000| Updating 
|   8|0x0000000080800000, 0x0000000080900000, 0x0000000080900000|100%| O|  |TAMS 0x0000000080900000, 0x0000000080800000| Updating 
|   9|0x0000000080900000, 0x0000000080a00000, 0x0000000080a00000|100%| O|  |TAMS 0x0000000080a00000, 0x0000000080900000| Updating 
|  10|0x0000000080a00000, 0x0000000080b00000, 0x0000000080b00000|100%| O|  |TAMS 0x0000000080b00000, 0x0000000080a00000| Updating 
|  11|0x0000000080b00000, 0x0000000080c00000, 0x0000000080c00000|100%| O|  |TAMS 0x0000000080c00000, 0x0000000080b00000| Updating 
|  12|0x0000000080c00000, 0x0000000080d00000, 0x0000000080d00000|100%| O|  |TAMS 0x0000000080d00000, 0x0000000080c00000| Updating 
|  13|0x0000000080d00000, 0x0000000080e00000, 0x0000000080e00000|100%| O|  |TAMS 0x0000000080e00000, 0x0000000080d00000| Updating 
|  14|0x0000000080e00000, 0x0000000080f00000, 0x0000000080f00000|100%| O|  |TAMS 0x0000000080f00000, 0x0000000080e00000| Updating 
|  15|0x0000000080f00000, 0x0000000081000000, 0x0000000081000000|100%| O|  |TAMS 0x0000000081000000, 0x0000000080f00000| Updating 
|  16|0x0000000081000000, 0x0000000081100000, 0x0000000081100000|100%|HS|  |TAMS 0x0000000081100000, 0x0000000081000000| Complete 
|  17|0x0000000081100000, 0x0000000081200000, 0x0000000081200000|100%|HC|  |TAMS 0x0000000081200000, 0x0000000081100000| Complete 
|  18|0x0000000081200000, 0x0000000081300000, 0x0000000081300000|100%|HS|  |TAMS 0x0000000081300000, 0x0000000081200000| Complete 
|  19|0x0000000081300000, 0x0000000081400000, 0x0000000081400000|100%|HC|  |TAMS 0x0000000081400000, 0x0000000081300000| Complete 
|  20|0x0000000081400000, 0x0000000081500000, 0x0000000081500000|100%|HC|  |TAMS 0x0000000081500000, 0x0000000081400000| Complete 
|  21|0x0000000081500000, 0x0000000081600000, 0x0000000081600000|100%|HS|  |TAMS 0x0000000081600000, 0x0000000081500000| Complete 
|  22|0x0000000081600000, 0x0000000081700000, 0x0000000081700000|100%|HC|  |TAMS 0x0000000081700000, 0x0000000081600000| Complete 
|  23|0x0000000081700000, 0x0000000081800000, 0x0000000081800000|100%|HC|  |TAMS 0x0000000081800000, 0x0000000081700000| Complete 
|  24|0x0000000081800000, 0x0000000081900000, 0x0000000081900000|100%|HC|  |TAMS 0x0000000081900000, 0x0000000081800000| Complete 
|  25|0x0000000081900000, 0x0000000081a00000, 0x0000000081a00000|100%| O|  |TAMS 0x0000000081a00000, 0x0000000081900000| Updating 
|  26|0x0000000081a00000, 0x0000000081b00000, 0x0000000081b00000|100%| O|  |TAMS 0x0000000081b00000, 0x0000000081a00000| Updating 
|  27|0x0000000081b00000, 0x0000000081c00000, 0x0000000081c00000|100%| O|  |TAMS 0x0000000081c00000, 0x0000000081b00000| Updating 
|  28|0x0000000081c00000, 0x0000000081d00000, 0x0000000081d00000|100%| O|  |TAMS 0x0000000081d00000, 0x0000000081c00000| Updating 
|  29|0x0000000081d00000, 0x0000000081e00000, 0x0000000081e00000|100%|HS|  |TAMS 0x0000000081e00000, 0x0000000081d00000| Complete 
|  30|0x0000000081e00000, 0x0000000081f00000, 0x0000000081f00000|100%|HC|  |TAMS 0x0000000081f00000, 0x0000000081e00000| Complete 
|  31|0x0000000081f00000, 0x0000000082000000, 0x0000000082000000|100%|HC|  |TAMS 0x0000000082000000, 0x0000000081f00000| Complete 
|  32|0x0000000082000000, 0x0000000082100000, 0x0000000082100000|100%| O|  |TAMS 0x0000000082100000, 0x0000000082000000| Updating 
|  33|0x0000000082100000, 0x0000000082200000, 0x0000000082200000|100%| O|  |TAMS 0x0000000082200000, 0x0000000082100000| Updating 
|  34|0x0000000082200000, 0x0000000082300000, 0x0000000082300000|100%| O|  |TAMS 0x0000000082300000, 0x0000000082200000| Updating 
|  35|0x0000000082300000, 0x0000000082400000, 0x0000000082400000|100%| O|  |TAMS 0x0000000082400000, 0x0000000082300000| Updating 
|  36|0x0000000082400000, 0x0000000082500000, 0x0000000082500000|100%|HS|  |TAMS 0x0000000082500000, 0x0000000082400000| Complete 
|  37|0x0000000082500000, 0x0000000082600000, 0x0000000082600000|100%|HC|  |TAMS 0x0000000082600000, 0x0000000082500000| Complete 
|  38|0x0000000082600000, 0x0000000082700000, 0x0000000082700000|100%|HC|  |TAMS 0x0000000082700000, 0x0000000082600000| Complete 
|  39|0x0000000082700000, 0x0000000082800000, 0x0000000082800000|100%|HC|  |TAMS 0x0000000082800000, 0x0000000082700000| Complete 
|  40|0x0000000082800000, 0x0000000082900000, 0x0000000082900000|100%| O|  |TAMS 0x0000000082900000, 0x0000000082800000| Updating 
|  41|0x0000000082900000, 0x0000000082a00000, 0x0000000082a00000|100%| O|  |TAMS 0x0000000082a00000, 0x0000000082900000| Updating 
|  42|0x0000000082a00000, 0x0000000082b00000, 0x0000000082b00000|100%| O|  |TAMS 0x0000000082b00000, 0x0000000082a00000| Updating 
|  43|0x0000000082b00000, 0x0000000082c00000, 0x0000000082c00000|100%| O|  |TAMS 0x0000000082c00000, 0x0000000082b00000| Updating 
|  44|0x0000000082c00000, 0x0000000082d00000, 0x0000000082d00000|100%| O|  |TAMS 0x0000000082d00000, 0x0000000082c00000| Updating 
|  45|0x0000000082d00000, 0x0000000082e00000, 0x0000000082e00000|100%| O|  |TAMS 0x0000000082e00000, 0x0000000082d00000| Updating 
|  46|0x0000000082e00000, 0x0000000082f00000, 0x0000000082f00000|100%| O|  |TAMS 0x0000000082f00000, 0x0000000082e00000| Updating 
|  47|0x0000000082f00000, 0x0000000083000000, 0x0000000083000000|100%|HS|  |TAMS 0x0000000083000000, 0x0000000082f00000| Complete 
|  48|0x0000000083000000, 0x0000000083100000, 0x0000000083100000|100%|HS|  |TAMS 0x0000000083100000, 0x0000000083000000| Complete 
|  49|0x0000000083100000, 0x0000000083200000, 0x0000000083200000|100%|HC|  |TAMS 0x0000000083200000, 0x0000000083100000| Complete 
|  50|0x0000000083200000, 0x0000000083300000, 0x0000000083300000|100%| O|  |TAMS 0x0000000083300000, 0x0000000083200000| Updating 
|  51|0x0000000083300000, 0x0000000083400000, 0x0000000083400000|100%| O|  |TAMS 0x0000000083400000, 0x0000000083300000| Updating 
|  52|0x0000000083400000, 0x0000000083500000, 0x0000000083500000|100%| O|  |TAMS 0x0000000083500000, 0x0000000083400000| Updating 
|  53|0x0000000083500000, 0x0000000083600000, 0x0000000083600000|100%| O|  |TAMS 0x0000000083600000, 0x0000000083500000| Updating 
|  54|0x0000000083600000, 0x0000000083700000, 0x0000000083700000|100%| O|  |TAMS 0x0000000083700000, 0x0000000083600000| Updating 
|  55|0x0000000083700000, 0x0000000083800000, 0x0000000083800000|100%| O|  |TAMS 0x0000000083800000, 0x0000000083700000| Updating 
|  56|0x0000000083800000, 0x0000000083900000, 0x0000000083900000|100%| O|  |TAMS 0x0000000083900000, 0x0000000083800000| Updating 
|  57|0x0000000083900000, 0x0000000083a00000, 0x0000000083a00000|100%| O|  |TAMS 0x0000000083a00000, 0x0000000083900000| Updating 
|  58|0x0000000083a00000, 0x0000000083b00000, 0x0000000083b00000|100%| O|  |TAMS 0x0000000083b00000, 0x0000000083a00000| Updating 
|  59|0x0000000083b00000, 0x0000000083c00000, 0x0000000083c00000|100%| O|  |TAMS 0x0000000083c00000, 0x0000000083b00000| Updating 
|  60|0x0000000083c00000, 0x0000000083d00000, 0x0000000083d00000|100%| O|  |TAMS 0x0000000083d00000, 0x0000000083c00000| Updating 
|  61|0x0000000083d00000, 0x0000000083e00000, 0x0000000083e00000|100%| O|  |TAMS 0x0000000083e00000, 0x0000000083d00000| Updating 
|  62|0x0000000083e00000, 0x0000000083f00000, 0x0000000083f00000|100%| O|  |TAMS 0x0000000083f00000, 0x0000000083e00000| Updating 
|  63|0x0000000083f00000, 0x0000000084000000, 0x0000000084000000|100%| O|  |TAMS 0x0000000084000000, 0x0000000083f00000| Updating 
|  64|0x0000000084000000, 0x0000000084100000, 0x0000000084100000|100%| O|  |TAMS 0x0000000084100000, 0x0000000084000000| Updating 
|  65|0x0000000084100000, 0x0000000084200000, 0x0000000084200000|100%| O|  |TAMS 0x0000000084200000, 0x0000000084100000| Updating 
|  66|0x0000000084200000, 0x0000000084300000, 0x0000000084300000|100%| O|  |TAMS 0x0000000084300000, 0x0000000084200000| Updating 
|  67|0x0000000084300000, 0x0000000084400000, 0x0000000084400000|100%| O|  |TAMS 0x0000000084400000, 0x0000000084300000| Updating 
|  68|0x0000000084400000, 0x0000000084500000, 0x0000000084500000|100%| O|  |TAMS 0x0000000084500000, 0x0000000084400000| Updating 
|  69|0x0000000084500000, 0x0000000084600000, 0x0000000084600000|100%| O|  |TAMS 0x0000000084600000, 0x0000000084500000| Updating 
|  70|0x0000000084600000, 0x0000000084700000, 0x0000000084700000|100%| O|  |TAMS 0x0000000084700000, 0x0000000084600000| Updating 
|  71|0x0000000084700000, 0x0000000084800000, 0x0000000084800000|100%| O|  |TAMS 0x0000000084800000, 0x0000000084700000| Updating 
|  72|0x0000000084800000, 0x0000000084900000, 0x0000000084900000|100%| O|  |TAMS 0x0000000084900000, 0x0000000084800000| Updating 
|  73|0x0000000084900000, 0x0000000084a00000, 0x0000000084a00000|100%| O|  |TAMS 0x0000000084a00000, 0x0000000084900000| Updating 
|  74|0x0000000084a00000, 0x0000000084b00000, 0x0000000084b00000|100%| O|  |TAMS 0x0000000084b00000, 0x0000000084a00000| Updating 
|  75|0x0000000084b00000, 0x0000000084c00000, 0x0000000084c00000|100%| O|  |TAMS 0x0000000084c00000, 0x0000000084b00000| Updating 
|  76|0x0000000084c00000, 0x0000000084d00000, 0x0000000084d00000|100%| O|  |TAMS 0x0000000084d00000, 0x0000000084c00000| Updating 
|  77|0x0000000084d00000, 0x0000000084e00000, 0x0000000084e00000|100%| O|  |TAMS 0x0000000084e00000, 0x0000000084d00000| Updating 
|  78|0x0000000084e00000, 0x0000000084f00000, 0x0000000084f00000|100%| O|  |TAMS 0x0000000084f00000, 0x0000000084e00000| Updating 
|  79|0x0000000084f00000, 0x0000000085000000, 0x0000000085000000|100%| O|  |TAMS 0x0000000085000000, 0x0000000084f00000| Updating 
|  80|0x0000000085000000, 0x0000000085100000, 0x0000000085100000|100%| O|  |TAMS 0x0000000085100000, 0x0000000085000000| Updating 
|  81|0x0000000085100000, 0x0000000085200000, 0x0000000085200000|100%| O|  |TAMS 0x0000000085200000, 0x0000000085100000| Updating 
|  82|0x0000000085200000, 0x0000000085300000, 0x0000000085300000|100%| O|  |TAMS 0x0000000085300000, 0x0000000085200000| Updating 
|  83|0x0000000085300000, 0x0000000085400000, 0x0000000085400000|100%| O|  |TAMS 0x0000000085400000, 0x0000000085300000| Updating 
|  84|0x0000000085400000, 0x0000000085500000, 0x0000000085500000|100%| O|  |TAMS 0x0000000085500000, 0x0000000085400000| Updating 
|  85|0x0000000085500000, 0x0000000085600000, 0x0000000085600000|100%| O|  |TAMS 0x0000000085600000, 0x0000000085500000| Updating 
|  86|0x0000000085600000, 0x0000000085700000, 0x0000000085700000|100%| O|  |TAMS 0x0000000085700000, 0x0000000085600000| Updating 
|  87|0x0000000085700000, 0x0000000085800000, 0x0000000085800000|100%| O|  |TAMS 0x0000000085800000, 0x0000000085700000| Updating 
|  88|0x0000000085800000, 0x0000000085900000, 0x0000000085900000|100%| O|  |TAMS 0x0000000085900000, 0x0000000085800000| Updating 
|  89|0x0000000085900000, 0x0000000085a00000, 0x0000000085a00000|100%| O|  |TAMS 0x0000000085a00000, 0x0000000085900000| Updating 
|  90|0x0000000085a00000, 0x0000000085b00000, 0x0000000085b00000|100%| O|  |TAMS 0x0000000085b00000, 0x0000000085a00000| Updating 
|  91|0x0000000085b00000, 0x0000000085c00000, 0x0000000085c00000|100%| O|  |TAMS 0x0000000085c00000, 0x0000000085b00000| Updating 
|  92|0x0000000085c00000, 0x0000000085d00000, 0x0000000085d00000|100%| O|  |TAMS 0x0000000085d00000, 0x0000000085c00000| Updating 
|  93|0x0000000085d00000, 0x0000000085e00000, 0x0000000085e00000|100%| O|  |TAMS 0x0000000085e00000, 0x0000000085d00000| Updating 
|  94|0x0000000085e00000, 0x0000000085f00000, 0x0000000085f00000|100%| O|  |TAMS 0x0000000085f00000, 0x0000000085e00000| Updating 
|  95|0x0000000085f00000, 0x0000000086000000, 0x0000000086000000|100%| O|  |TAMS 0x0000000086000000, 0x0000000085f00000| Updating 
|  96|0x0000000086000000, 0x0000000086100000, 0x0000000086100000|100%| O|  |TAMS 0x0000000086100000, 0x0000000086000000| Updating 
|  97|0x0000000086100000, 0x0000000086200000, 0x0000000086200000|100%| O|  |TAMS 0x0000000086200000, 0x0000000086100000| Updating 
|  98|0x0000000086200000, 0x0000000086300000, 0x0000000086300000|100%| O|  |TAMS 0x0000000086300000, 0x0000000086200000| Updating 
|  99|0x0000000086300000, 0x0000000086400000, 0x0000000086400000|100%| O|  |TAMS 0x0000000086400000, 0x0000000086300000| Updating 
| 100|0x0000000086400000, 0x0000000086500000, 0x0000000086500000|100%| O|  |TAMS 0x0000000086500000, 0x0000000086400000| Updating 
| 101|0x0000000086500000, 0x0000000086600000, 0x0000000086600000|100%| O|  |TAMS 0x0000000086600000, 0x0000000086500000| Updating 
| 102|0x0000000086600000, 0x0000000086700000, 0x0000000086700000|100%| O|  |TAMS 0x0000000086700000, 0x0000000086600000| Updating 
| 103|0x0000000086700000, 0x0000000086800000, 0x0000000086800000|100%| O|  |TAMS 0x0000000086800000, 0x0000000086700000| Updating 
| 104|0x0000000086800000, 0x0000000086900000, 0x0000000086900000|100%| O|  |TAMS 0x0000000086900000, 0x0000000086800000| Updating 
| 105|0x0000000086900000, 0x0000000086a00000, 0x0000000086a00000|100%| O|  |TAMS 0x0000000086a00000, 0x0000000086900000| Updating 
| 106|0x0000000086a00000, 0x0000000086b00000, 0x0000000086b00000|100%| O|  |TAMS 0x0000000086b00000, 0x0000000086a00000| Updating 
| 107|0x0000000086b00000, 0x0000000086c00000, 0x0000000086c00000|100%| O|  |TAMS 0x0000000086c00000, 0x0000000086b00000| Updating 
| 108|0x0000000086c00000, 0x0000000086d00000, 0x0000000086d00000|100%| O|  |TAMS 0x0000000086d00000, 0x0000000086c00000| Updating 
| 109|0x0000000086d00000, 0x0000000086e00000, 0x0000000086e00000|100%|HS|  |TAMS 0x0000000086e00000, 0x0000000086d00000| Complete 
| 110|0x0000000086e00000, 0x0000000086f00000, 0x0000000086f00000|100%|HC|  |TAMS 0x0000000086f00000, 0x0000000086e00000| Complete 
| 111|0x0000000086f00000, 0x0000000087000000, 0x0000000087000000|100%| O|  |TAMS 0x0000000087000000, 0x0000000086f00000| Updating 
| 112|0x0000000087000000, 0x0000000087100000, 0x0000000087100000|100%| O|  |TAMS 0x0000000087100000, 0x0000000087000000| Updating 
| 113|0x0000000087100000, 0x0000000087200000, 0x0000000087200000|100%| O|  |TAMS 0x0000000087200000, 0x0000000087100000| Updating 
| 114|0x0000000087200000, 0x0000000087300000, 0x0000000087300000|100%| O|  |TAMS 0x0000000087300000, 0x0000000087200000| Updating 
| 115|0x0000000087300000, 0x0000000087400000, 0x0000000087400000|100%| O|  |TAMS 0x0000000087400000, 0x0000000087300000| Updating 
| 116|0x0000000087400000, 0x0000000087500000, 0x0000000087500000|100%| O|  |TAMS 0x0000000087500000, 0x0000000087400000| Updating 
| 117|0x0000000087500000, 0x0000000087600000, 0x0000000087600000|100%| O|  |TAMS 0x0000000087600000, 0x0000000087500000| Updating 
| 118|0x0000000087600000, 0x0000000087700000, 0x0000000087700000|100%| O|  |TAMS 0x0000000087700000, 0x0000000087600000| Updating 
| 119|0x0000000087700000, 0x0000000087800000, 0x0000000087800000|100%| O|  |TAMS 0x0000000087800000, 0x0000000087700000| Updating 
| 120|0x0000000087800000, 0x0000000087900000, 0x0000000087900000|100%| O|  |TAMS 0x0000000087900000, 0x0000000087800000| Updating 
| 121|0x0000000087900000, 0x0000000087a00000, 0x0000000087a00000|100%| O|  |TAMS 0x0000000087a00000, 0x0000000087900000| Updating 
| 122|0x0000000087a00000, 0x0000000087b00000, 0x0000000087b00000|100%| O|  |TAMS 0x0000000087b00000, 0x0000000087a00000| Updating 
| 123|0x0000000087b00000, 0x0000000087c00000, 0x0000000087c00000|100%| O|  |TAMS 0x0000000087c00000, 0x0000000087b00000| Updating 
| 124|0x0000000087c00000, 0x0000000087d00000, 0x0000000087d00000|100%| O|  |TAMS 0x0000000087d00000, 0x0000000087c00000| Updating 
| 125|0x0000000087d00000, 0x0000000087e00000, 0x0000000087e00000|100%| O|  |TAMS 0x0000000087e00000, 0x0000000087d00000| Updating 
| 126|0x0000000087e00000, 0x0000000087f00000, 0x0000000087f00000|100%| O|  |TAMS 0x0000000087f00000, 0x0000000087e00000| Updating 
| 127|0x0000000087f00000, 0x0000000088000000, 0x0000000088000000|100%| O|  |TAMS 0x0000000088000000, 0x0000000087f00000| Updating 
| 128|0x0000000088000000, 0x0000000088100000, 0x0000000088100000|100%| O|  |TAMS 0x00000000880c3e00, 0x0000000088000000| Updating 
| 129|0x0000000088100000, 0x0000000088200000, 0x0000000088200000|100%| O|  |TAMS 0x0000000088100000, 0x0000000088100000| Untracked 
| 130|0x0000000088200000, 0x0000000088300000, 0x0000000088300000|100%| O|  |TAMS 0x0000000088200000, 0x0000000088200000| Untracked 
| 131|0x0000000088300000, 0x0000000088400000, 0x0000000088400000|100%| O|  |TAMS 0x0000000088300000, 0x0000000088300000| Untracked 
| 132|0x0000000088400000, 0x0000000088500000, 0x0000000088500000|100%| O|  |TAMS 0x0000000088400000, 0x0000000088400000| Untracked 
| 133|0x0000000088500000, 0x0000000088600000, 0x0000000088600000|100%| O|  |TAMS 0x0000000088500000, 0x0000000088500000| Untracked 
| 134|0x0000000088600000, 0x0000000088700000, 0x0000000088700000|100%| O|  |TAMS 0x0000000088600000, 0x0000000088600000| Untracked 
| 135|0x0000000088700000, 0x0000000088800000, 0x0000000088800000|100%| O|  |TAMS 0x0000000088700000, 0x0000000088700000| Untracked 
| 136|0x0000000088800000, 0x0000000088850400, 0x0000000088900000| 31%| O|  |TAMS 0x0000000088800000, 0x0000000088800000| Untracked 
| 137|0x0000000088900000, 0x0000000088900000, 0x0000000088a00000|  0%| F|  |TAMS 0x0000000088900000, 0x0000000088900000| Untracked 
| 138|0x0000000088a00000, 0x0000000088a00000, 0x0000000088b00000|  0%| F|  |TAMS 0x0000000088a00000, 0x0000000088a00000| Untracked 
| 139|0x0000000088b00000, 0x0000000088b00000, 0x0000000088c00000|  0%| F|  |TAMS 0x0000000088b00000, 0x0000000088b00000| Untracked 
| 140|0x0000000088c00000, 0x0000000088c00000, 0x0000000088d00000|  0%| F|  |TAMS 0x0000000088c00000, 0x0000000088c00000| Untracked 
| 141|0x0000000088d00000, 0x0000000088d00000, 0x0000000088e00000|  0%| F|  |TAMS 0x0000000088d00000, 0x0000000088d00000| Untracked 
| 142|0x0000000088e00000, 0x0000000088e00000, 0x0000000088f00000|  0%| F|  |TAMS 0x0000000088e00000, 0x0000000088e00000| Untracked 
| 143|0x0000000088f00000, 0x0000000088f00000, 0x0000000089000000|  0%| F|  |TAMS 0x0000000088f00000, 0x0000000088f00000| Untracked 
| 144|0x0000000089000000, 0x0000000089000000, 0x0000000089100000|  0%| F|  |TAMS 0x0000000089000000, 0x0000000089000000| Untracked 
| 145|0x0000000089100000, 0x0000000089100000, 0x0000000089200000|  0%| F|  |TAMS 0x0000000089100000, 0x0000000089100000| Untracked 
| 146|0x0000000089200000, 0x0000000089200000, 0x0000000089300000|  0%| F|  |TAMS 0x0000000089200000, 0x0000000089200000| Untracked 
| 147|0x0000000089300000, 0x0000000089300000, 0x0000000089400000|  0%| F|  |TAMS 0x0000000089300000, 0x0000000089300000| Untracked 
| 148|0x0000000089400000, 0x0000000089400000, 0x0000000089500000|  0%| F|  |TAMS 0x0000000089400000, 0x0000000089400000| Untracked 
| 149|0x0000000089500000, 0x0000000089500000, 0x0000000089600000|  0%| F|  |TAMS 0x0000000089500000, 0x0000000089500000| Untracked 
| 150|0x0000000089600000, 0x0000000089600000, 0x0000000089700000|  0%| F|  |TAMS 0x0000000089600000, 0x0000000089600000| Untracked 
| 151|0x0000000089700000, 0x0000000089700000, 0x0000000089800000|  0%| F|  |TAMS 0x0000000089700000, 0x0000000089700000| Untracked 
| 152|0x0000000089800000, 0x0000000089800000, 0x0000000089900000|  0%| F|  |TAMS 0x0000000089800000, 0x0000000089800000| Untracked 
| 153|0x0000000089900000, 0x0000000089900000, 0x0000000089a00000|  0%| F|  |TAMS 0x0000000089900000, 0x0000000089900000| Untracked 
| 154|0x0000000089a00000, 0x0000000089a00000, 0x0000000089b00000|  0%| F|  |TAMS 0x0000000089a00000, 0x0000000089a00000| Untracked 
| 155|0x0000000089b00000, 0x0000000089b00000, 0x0000000089c00000|  0%| F|  |TAMS 0x0000000089b00000, 0x0000000089b00000| Untracked 
| 156|0x0000000089c00000, 0x0000000089c00000, 0x0000000089d00000|  0%| F|  |TAMS 0x0000000089c00000, 0x0000000089c00000| Untracked 
| 157|0x0000000089d00000, 0x0000000089d00000, 0x0000000089e00000|  0%| F|  |TAMS 0x0000000089d00000, 0x0000000089d00000| Untracked 
| 158|0x0000000089e00000, 0x0000000089e00000, 0x0000000089f00000|  0%| F|  |TAMS 0x0000000089e00000, 0x0000000089e00000| Untracked 
| 159|0x0000000089f00000, 0x0000000089f00000, 0x000000008a000000|  0%| F|  |TAMS 0x0000000089f00000, 0x0000000089f00000| Untracked 
| 160|0x000000008a000000, 0x000000008a000000, 0x000000008a100000|  0%| F|  |TAMS 0x000000008a000000, 0x000000008a000000| Untracked 
| 161|0x000000008a100000, 0x000000008a100000, 0x000000008a200000|  0%| F|  |TAMS 0x000000008a100000, 0x000000008a100000| Untracked 
| 162|0x000000008a200000, 0x000000008a200000, 0x000000008a300000|  0%| F|  |TAMS 0x000000008a200000, 0x000000008a200000| Untracked 
| 163|0x000000008a300000, 0x000000008a300000, 0x000000008a400000|  0%| F|  |TAMS 0x000000008a300000, 0x000000008a300000| Untracked 
| 164|0x000000008a400000, 0x000000008a400000, 0x000000008a500000|  0%| F|  |TAMS 0x000000008a400000, 0x000000008a400000| Untracked 
| 165|0x000000008a500000, 0x000000008a500000, 0x000000008a600000|  0%| F|  |TAMS 0x000000008a500000, 0x000000008a500000| Untracked 
| 166|0x000000008a600000, 0x000000008a600000, 0x000000008a700000|  0%| F|  |TAMS 0x000000008a600000, 0x000000008a600000| Untracked 
| 167|0x000000008a700000, 0x000000008a800000, 0x000000008a800000|100%| S|CS|TAMS 0x000000008a700000, 0x000000008a700000| Complete 
| 168|0x000000008a800000, 0x000000008a900000, 0x000000008a900000|100%| S|CS|TAMS 0x000000008a800000, 0x000000008a800000| Complete 
| 169|0x000000008a900000, 0x000000008aa00000, 0x000000008aa00000|100%| S|CS|TAMS 0x000000008a900000, 0x000000008a900000| Complete 
| 170|0x000000008aa00000, 0x000000008ab00000, 0x000000008ab00000|100%| S|CS|TAMS 0x000000008aa00000, 0x000000008aa00000| Complete 
| 171|0x000000008ab00000, 0x000000008ab00000, 0x000000008ac00000|  0%| F|  |TAMS 0x000000008ab00000, 0x000000008ab00000| Untracked 
| 172|0x000000008ac00000, 0x000000008ac00000, 0x000000008ad00000|  0%| F|  |TAMS 0x000000008ac00000, 0x000000008ac00000| Untracked 
| 173|0x000000008ad00000, 0x000000008ad00000, 0x000000008ae00000|  0%| F|  |TAMS 0x000000008ad00000, 0x000000008ad00000| Untracked 
| 174|0x000000008ae00000, 0x000000008ae00000, 0x000000008af00000|  0%| F|  |TAMS 0x000000008ae00000, 0x000000008ae00000| Untracked 
| 175|0x000000008af00000, 0x000000008af00000, 0x000000008b000000|  0%| F|  |TAMS 0x000000008af00000, 0x000000008af00000| Untracked 
| 176|0x000000008b000000, 0x000000008b000000, 0x000000008b100000|  0%| F|  |TAMS 0x000000008b000000, 0x000000008b000000| Untracked 
| 177|0x000000008b100000, 0x000000008b100000, 0x000000008b200000|  0%| F|  |TAMS 0x000000008b100000, 0x000000008b100000| Untracked 
| 178|0x000000008b200000, 0x000000008b200000, 0x000000008b300000|  0%| F|  |TAMS 0x000000008b200000, 0x000000008b200000| Untracked 
| 179|0x000000008b300000, 0x000000008b300000, 0x000000008b400000|  0%| F|  |TAMS 0x000000008b300000, 0x000000008b300000| Untracked 
| 180|0x000000008b400000, 0x000000008b400000, 0x000000008b500000|  0%| F|  |TAMS 0x000000008b400000, 0x000000008b400000| Untracked 
| 181|0x000000008b500000, 0x000000008b500000, 0x000000008b600000|  0%| F|  |TAMS 0x000000008b500000, 0x000000008b500000| Untracked 
| 182|0x000000008b600000, 0x000000008b600000, 0x000000008b700000|  0%| F|  |TAMS 0x000000008b600000, 0x000000008b600000| Untracked 
| 183|0x000000008b700000, 0x000000008b700000, 0x000000008b800000|  0%| F|  |TAMS 0x000000008b700000, 0x000000008b700000| Untracked 
| 184|0x000000008b800000, 0x000000008b800000, 0x000000008b900000|  0%| F|  |TAMS 0x000000008b800000, 0x000000008b800000| Untracked 
| 185|0x000000008b900000, 0x000000008b900000, 0x000000008ba00000|  0%| F|  |TAMS 0x000000008b900000, 0x000000008b900000| Untracked 
| 186|0x000000008ba00000, 0x000000008ba00000, 0x000000008bb00000|  0%| F|  |TAMS 0x000000008ba00000, 0x000000008ba00000| Untracked 
| 187|0x000000008bb00000, 0x000000008bb00000, 0x000000008bc00000|  0%| F|  |TAMS 0x000000008bb00000, 0x000000008bb00000| Untracked 
| 188|0x000000008bc00000, 0x000000008bc00000, 0x000000008bd00000|  0%| F|  |TAMS 0x000000008bc00000, 0x000000008bc00000| Untracked 
| 189|0x000000008bd00000, 0x000000008bd00000, 0x000000008be00000|  0%| F|  |TAMS 0x000000008bd00000, 0x000000008bd00000| Untracked 
| 190|0x000000008be00000, 0x000000008be00000, 0x000000008bf00000|  0%| F|  |TAMS 0x000000008be00000, 0x000000008be00000| Untracked 
| 191|0x000000008bf00000, 0x000000008bf00000, 0x000000008c000000|  0%| F|  |TAMS 0x000000008bf00000, 0x000000008bf00000| Untracked 
| 192|0x000000008c000000, 0x000000008c000000, 0x000000008c100000|  0%| F|  |TAMS 0x000000008c000000, 0x000000008c000000| Untracked 
| 193|0x000000008c100000, 0x000000008c100000, 0x000000008c200000|  0%| F|  |TAMS 0x000000008c100000, 0x000000008c100000| Untracked 
| 194|0x000000008c200000, 0x000000008c200000, 0x000000008c300000|  0%| F|  |TAMS 0x000000008c200000, 0x000000008c200000| Untracked 

Card table byte_map: [0x000002189a890000,0x000002189ac90000] _byte_map_base: 0x000002189a490000

Marking Bits (Prev, Next): (CMBitMap*) 0x0000021887819fd8, (CMBitMap*) 0x000002188781a010
 Prev Bits: [0x000002189b090000, 0x000002189d090000)
 Next Bits: [0x000002189d090000, 0x000002189f090000)

Polling page: 0x00000218857a0000

Metaspace:

Usage:
  Non-class:     97.21 MB capacity,    95.41 MB ( 98%) used,     1.51 MB (  2%) free+waste,   295.31 KB ( <1%) overhead. 
      Class:     14.79 MB capacity,    13.76 MB ( 93%) used,   918.01 KB (  6%) free+waste,   134.31 KB ( <1%) overhead. 
       Both:    112.00 MB capacity,   109.17 MB ( 97%) used,     2.41 MB (  2%) free+waste,   429.63 KB ( <1%) overhead. 

Virtual space:
  Non-class space:       98.00 MB reserved,      97.25 MB (>99%) committed 
      Class space:        1.00 GB reserved,      14.82 MB (  1%) committed 
             Both:        1.10 GB reserved,     112.07 MB ( 10%) committed 

Chunk freelists:
   Non-Class:  41.00 KB
       Class:  23.00 KB
        Both:  64.00 KB

MaxMetaspaceSize: 17179869184.00 GB
CompressedClassSpaceSize: 1.00 GB

CodeHeap 'non-profiled nmethods': size=120000Kb used=5672Kb max_used=5672Kb free=114327Kb
 bounds [0x0000021892c30000, 0x00000218931c0000, 0x000002189a160000]
CodeHeap 'profiled nmethods': size=120000Kb used=26309Kb max_used=26309Kb free=93690Kb
 bounds [0x000002188b700000, 0x000002188d0c0000, 0x0000021892c30000]
CodeHeap 'non-nmethods': size=5760Kb used=2346Kb max_used=2378Kb free=3413Kb
 bounds [0x000002188b160000, 0x000002188b3d0000, 0x000002188b700000]
 total_blobs=12918 nmethods=11947 adapters=882
 compilation: enabled
              stopped_count=0, restarted_count=0
 full_count=0

Compilation events (20 events):
Event: 86.065 Thread 0x00000218a1b06000 12888       2       java.lang.Throwable::<init> (29 bytes)
Event: 86.065 Thread 0x00000218a1b06000 nmethod 12888 0x000002188d0b4810 code [0x000002188d0b49e0, 0x000002188d0b4c28]
Event: 86.066 Thread 0x00000218a1b06000 12889       2       com.android.tools.r8.graph.a1$a::a (22 bytes)
Event: 86.066 Thread 0x00000218a1b06000 nmethod 12889 0x000002188d0b4d10 code [0x000002188d0b4f00, 0x000002188d0b53e8]
Event: 86.066 Thread 0x00000218a1b06000 12890       2       com.android.tools.r8.graph.a1$a$$Lambda$1151/0x0000000100eaa840::get$Lambda (10 bytes)
Event: 86.067 Thread 0x00000218a1b06000 nmethod 12890 0x000002188d0b5590 code [0x000002188d0b5740, 0x000002188d0b5938]
Event: 86.067 Thread 0x00000218a1b06000 12891       2       com.android.tools.r8.graph.a1$a$$Lambda$1151/0x0000000100eaa840::<init> (15 bytes)
Event: 86.067 Thread 0x00000218a1b06000 nmethod 12891 0x000002188d0b5a10 code [0x000002188d0b5bc0, 0x000002188d0b5d58]
Event: 86.067 Thread 0x00000218a1b06000 12892       2       com.android.tools.r8.graph.a1$a$$Lambda$1151/0x0000000100eaa840::accept (20 bytes)
Event: 86.067 Thread 0x00000218a1b06000 nmethod 12892 0x000002188d0b5e10 code [0x000002188d0b5fe0, 0x000002188d0b61a8]
Event: 86.067 Thread 0x00000218a1b06000 12893       2       com.android.tools.r8.graph.a1$a::a (48 bytes)
Event: 86.067 Thread 0x00000218a1b06000 nmethod 12893 0x000002188d0b6290 code [0x000002188d0b6460, 0x000002188d0b66b8]
Event: 86.072 Thread 0x00000218a1afa000 nmethod 12882 0x00000218931b9210 code [0x00000218931b9400, 0x00000218931b9998]
Event: 86.072 Thread 0x00000218a1afa000 12884       4       com.android.tools.r8.utils.a0::d (147 bytes)
Event: 86.073 Thread 0x00000218a1afa000 nmethod 12884 0x00000218931b9d90 code [0x00000218931b9f20, 0x00000218931b9fb8]
Event: 86.073 Thread 0x00000218a1afa000 12665   !   4       com.android.tools.r8.graph.q0::p (91 bytes)
Event: 86.100 Thread 0x00000218a1b06000 12895 %     3       com.android.tools.r8.graph.E::a @ 11 (56 bytes)
Event: 86.101 Thread 0x00000218a1b06000 nmethod 12895% 0x000002188d0b6810 code [0x000002188d0b6a60, 0x000002188d0b74e8]
Event: 86.102 Thread 0x00000218a1b06000 12896       2       com.android.tools.r8.s.a.a.b.L0::a (12 bytes)
Event: 86.102 Thread 0x00000218a1b06000 nmethod 12896 0x000002188d0b7890 code [0x000002188d0b7a40, 0x000002188d0b7b78]

GC Heap History (20 events):
Event: 84.352 GC heap after
{Heap after GC invocations=60 (full 0):
 garbage-first heap   total 131072K, used 102347K [0x0000000080000000, 0x0000000100000000)
  region size 1024K, 2 young (2048K), 2 survivors (2048K)
 Metaspace       used 109093K, capacity 111768K, committed 112076K, reserved 1146880K
  class space    used 13759K, capacity 14729K, committed 14796K, reserved 1048576K
}
Event: 84.444 GC heap before
{Heap before GC invocations=60 (full 0):
 garbage-first heap   total 131072K, used 112587K [0x0000000080000000, 0x0000000100000000)
  region size 1024K, 13 young (13312K), 2 survivors (2048K)
 Metaspace       used 109470K, capacity 112276K, committed 112460K, reserved 1146880K
  class space    used 13809K, capacity 14807K, committed 14924K, reserved 1048576K
}
Event: 84.448 GC heap after
{Heap after GC invocations=61 (full 0):
 garbage-first heap   total 131072K, used 102994K [0x0000000080000000, 0x0000000100000000)
  region size 1024K, 2 young (2048K), 2 survivors (2048K)
 Metaspace       used 109470K, capacity 112276K, committed 112460K, reserved 1146880K
  class space    used 13809K, capacity 14807K, committed 14924K, reserved 1048576K
}
Event: 84.579 GC heap before
{Heap before GC invocations=62 (full 0):
 garbage-first heap   total 131072K, used 113234K [0x0000000080000000, 0x0000000100000000)
  region size 1024K, 12 young (12288K), 2 survivors (2048K)
 Metaspace       used 109977K, capacity 112764K, committed 112972K, reserved 1146880K
  class space    used 13879K, capacity 14856K, committed 14924K, reserved 1048576K
}
Event: 84.583 GC heap after
{Heap after GC invocations=63 (full 0):
 garbage-first heap   total 157696K, used 103508K [0x0000000080000000, 0x0000000100000000)
  region size 1024K, 2 young (2048K), 2 survivors (2048K)
 Metaspace       used 109977K, capacity 112764K, committed 112972K, reserved 1146880K
  class space    used 13879K, capacity 14856K, committed 14924K, reserved 1048576K
}
Event: 84.635 GC heap before
{Heap before GC invocations=63 (full 0):
 garbage-first heap   total 157696K, used 107604K [0x0000000080000000, 0x0000000100000000)
  region size 1024K, 7 young (7168K), 2 survivors (2048K)
 Metaspace       used 110105K, capacity 112928K, committed 113100K, reserved 1146880K
  class space    used 13897K, capacity 14930K, committed 15052K, reserved 1048576K
}
Event: 84.639 GC heap after
{Heap after GC invocations=64 (full 0):
 garbage-first heap   total 157696K, used 103615K [0x0000000080000000, 0x0000000100000000)
  region size 1024K, 2 young (2048K), 2 survivors (2048K)
 Metaspace       used 110105K, capacity 112928K, committed 113100K, reserved 1146880K
  class space    used 13897K, capacity 14930K, committed 15052K, reserved 1048576K
}
Event: 84.736 GC heap before
{Heap before GC invocations=64 (full 0):
 garbage-first heap   total 157696K, used 137407K [0x0000000080000000, 0x0000000100000000)
  region size 1024K, 24 young (24576K), 2 survivors (2048K)
 Metaspace       used 110172K, capacity 112995K, committed 113356K, reserved 1146880K
  class space    used 13901K, capacity 14931K, committed 15052K, reserved 1048576K
}
Event: 84.740 GC heap after
{Heap after GC invocations=65 (full 0):
 garbage-first heap   total 157696K, used 108489K [0x0000000080000000, 0x0000000100000000)
  region size 1024K, 3 young (3072K), 3 survivors (3072K)
 Metaspace       used 110172K, capacity 112995K, committed 113356K, reserved 1146880K
  class space    used 13901K, capacity 14931K, committed 15052K, reserved 1048576K
}
Event: 84.854 GC heap before
{Heap before GC invocations=65 (full 0):
 garbage-first heap   total 157696K, used 127945K [0x0000000080000000, 0x0000000100000000)
  region size 1024K, 23 young (23552K), 3 survivors (3072K)
 Metaspace       used 110490K, capacity 113308K, committed 113612K, reserved 1148928K
  class space    used 13944K, capacity 14971K, committed 15052K, reserved 1048576K
}
Event: 84.859 GC heap after
{Heap after GC invocations=66 (full 0):
 garbage-first heap   total 157696K, used 111246K [0x0000000080000000, 0x0000000100000000)
  region size 1024K, 3 young (3072K), 3 survivors (3072K)
 Metaspace       used 110490K, capacity 113308K, committed 113612K, reserved 1148928K
  class space    used 13944K, capacity 14971K, committed 15052K, reserved 1048576K
}
Event: 84.913 GC heap before
{Heap before GC invocations=67 (full 0):
 garbage-first heap   total 157696K, used 129678K [0x0000000080000000, 0x0000000100000000)
  region size 1024K, 23 young (23552K), 3 survivors (3072K)
 Metaspace       used 110640K, capacity 113515K, committed 113612K, reserved 1148928K
  class space    used 13961K, capacity 14975K, committed 15052K, reserved 1048576K
}
Event: 84.920 GC heap after
{Heap after GC invocations=68 (full 0):
 garbage-first heap   total 199680K, used 116839K [0x0000000080000000, 0x0000000100000000)
  region size 1024K, 3 young (3072K), 3 survivors (3072K)
 Metaspace       used 110640K, capacity 113515K, committed 113612K, reserved 1148928K
  class space    used 13961K, capacity 14975K, committed 15052K, reserved 1048576K
}
Event: 85.218 GC heap before
{Heap before GC invocations=68 (full 0):
 garbage-first heap   total 199680K, used 150631K [0x0000000080000000, 0x0000000100000000)
  region size 1024K, 38 young (38912K), 3 survivors (3072K)
 Metaspace       used 111435K, capacity 114293K, committed 114508K, reserved 1148928K
  class space    used 14073K, capacity 15109K, committed 15180K, reserved 1048576K
}
Event: 85.259 GC heap after
{Heap after GC invocations=69 (full 0):
 garbage-first heap   total 199680K, used 123651K [0x0000000080000000, 0x0000000100000000)
  region size 1024K, 5 young (5120K), 5 survivors (5120K)
 Metaspace       used 111435K, capacity 114293K, committed 114508K, reserved 1148928K
  class space    used 14073K, capacity 15109K, committed 15180K, reserved 1048576K
}
Event: 85.649 GC heap before
{Heap before GC invocations=70 (full 0):
 garbage-first heap   total 199680K, used 155395K [0x0000000080000000, 0x0000000100000000)
  region size 1024K, 37 young (37888K), 5 survivors (5120K)
 Metaspace       used 111616K, capacity 114486K, committed 114764K, reserved 1148928K
  class space    used 14073K, capacity 15104K, committed 15180K, reserved 1048576K
}
Event: 85.666 GC heap after
{Heap after GC invocations=71 (full 0):
 garbage-first heap   total 199680K, used 129024K [0x0000000080000000, 0x0000000100000000)
  region size 1024K, 5 young (5120K), 5 survivors (5120K)
 Metaspace       used 111616K, capacity 114486K, committed 114764K, reserved 1148928K
  class space    used 14073K, capacity 15104K, committed 15180K, reserved 1048576K
}
Event: 85.878 GC heap before
{Heap before GC invocations=71 (full 0):
 garbage-first heap   total 199680K, used 157696K [0x0000000080000000, 0x0000000100000000)
  region size 1024K, 34 young (34816K), 5 survivors (5120K)
 Metaspace       used 111678K, capacity 114568K, committed 114764K, reserved 1148928K
  class space    used 14079K, capacity 15108K, committed 15180K, reserved 1048576K
}
Event: 85.893 GC heap after
{Heap after GC invocations=72 (full 0):
 garbage-first heap   total 199680K, used 136975K [0x0000000080000000, 0x0000000100000000)
  region size 1024K, 5 young (5120K), 5 survivors (5120K)
 Metaspace       used 111678K, capacity 114568K, committed 114764K, reserved 1148928K
  class space    used 14079K, capacity 15108K, committed 15180K, reserved 1048576K
}
Event: 86.103 GC heap before
{Heap before GC invocations=72 (full 0):
 garbage-first heap   total 199680K, used 161551K [0x0000000080000000, 0x0000000100000000)
  region size 1024K, 29 young (29696K), 5 survivors (5120K)
 Metaspace       used 111790K, capacity 114688K, committed 114764K, reserved 1148928K
  class space    used 14092K, capacity 15145K, committed 15180K, reserved 1048576K
}

Deoptimization events (20 events):
Event: 86.027 Thread 0x00000218a6752800 DEOPT PACKING pc=0x000002188cffcbc0 sp=0x0000006fbb5fa320
Event: 86.027 Thread 0x00000218a6752800 DEOPT UNPACKING pc=0x000002188b1872ce sp=0x0000006fbb5f9828 mode 0
Event: 86.032 Thread 0x00000218a6752800 DEOPT PACKING pc=0x000002188cffcbc0 sp=0x0000006fbb5fa320
Event: 86.032 Thread 0x00000218a6752800 DEOPT UNPACKING pc=0x000002188b1872ce sp=0x0000006fbb5f9828 mode 0
Event: 86.034 Thread 0x00000218a6752800 DEOPT PACKING pc=0x000002188cffa268 sp=0x0000006fbb5f9e70
Event: 86.034 Thread 0x00000218a6752800 DEOPT UNPACKING pc=0x000002188b1872ce sp=0x0000006fbb5f9398 mode 0
Event: 86.036 Thread 0x00000218a6752800 DEOPT PACKING pc=0x000002188cffcbc0 sp=0x0000006fbb5fa240
Event: 86.036 Thread 0x00000218a6752800 DEOPT UNPACKING pc=0x000002188b1872ce sp=0x0000006fbb5f9748 mode 0
Event: 86.043 Thread 0x00000218a6752800 DEOPT PACKING pc=0x000002188cffa238 sp=0x0000006fbb5f9e60
Event: 86.043 Thread 0x00000218a6752800 DEOPT UNPACKING pc=0x000002188b1872ce sp=0x0000006fbb5f9388 mode 0
Event: 86.054 Thread 0x00000218a6752800 DEOPT PACKING pc=0x000002188cffa268 sp=0x0000006fbb5f9dc0
Event: 86.054 Thread 0x00000218a6752800 DEOPT UNPACKING pc=0x000002188b1872ce sp=0x0000006fbb5f92e8 mode 0
Event: 86.058 Thread 0x00000218a6751800 DEOPT PACKING pc=0x000002188cffa268 sp=0x0000006fbb1f9cb0
Event: 86.058 Thread 0x00000218a6751800 DEOPT UNPACKING pc=0x000002188b1872ce sp=0x0000006fbb1f91d8 mode 0
Event: 86.061 Thread 0x00000218a6752800 DEOPT PACKING pc=0x000002188cffa238 sp=0x0000006fbb5f9fe0
Event: 86.061 Thread 0x00000218a4138800 DEOPT PACKING pc=0x000002188cffa268 sp=0x0000006fbbaf9e70
Event: 86.061 Thread 0x00000218a6752800 DEOPT UNPACKING pc=0x000002188b1872ce sp=0x0000006fbb5f9508 mode 0
Event: 86.061 Thread 0x00000218a4138800 DEOPT UNPACKING pc=0x000002188b1872ce sp=0x0000006fbbaf9398 mode 0
Event: 86.067 Thread 0x00000218a6752800 DEOPT PACKING pc=0x000002188cffa238 sp=0x0000006fbb5f9f00
Event: 86.067 Thread 0x00000218a6752800 DEOPT UNPACKING pc=0x000002188b1872ce sp=0x0000006fbb5f9428 mode 0

Classes redefined (0 events):
No events

Internal exceptions (20 events):
Event: 82.584 Thread 0x00000218ab778000 Exception <a 'java/lang/NoSuchMethodError'{0x000000008716e090}: 'java.lang.Object java.lang.invoke.Invokers$Holder.linkToTargetMethod(java.lang.Object, java.lang.Object, java.lang.Object, java.lang.Object, java.lang.Object, java.lang.Object, java.lang.Object, java.lang.Object)'> (0x000000008716e090) thrown at [./src/hotspot/share/interpreter/linkResolver.cpp, line 773]
Event: 82.635 Thread 0x00000218ab775000 Exception <a 'java/lang/NoSuchMethodError'{0x0000000087e40648}: <clinit>> (0x0000000087e40648) thrown at [./src/hotspot/share/prims/jni.cpp, line 1362]
Event: 82.638 Thread 0x00000218ab775000 Exception <a 'java/lang/NoSuchMethodError'{0x0000000087e7b808}: <clinit>> (0x0000000087e7b808) thrown at [./src/hotspot/share/prims/jni.cpp, line 1362]
Event: 82.665 Thread 0x00000218a46f1800 Exception <a 'java/lang/NoSuchMethodError'{0x0000000087dfa9f8}: <clinit>> (0x0000000087dfa9f8) thrown at [./src/hotspot/share/prims/jni.cpp, line 1362]
Event: 83.283 Thread 0x00000218ab778000 Exception <a 'java/lang/NoSuchMethodError'{0x0000000087615dd0}: <clinit>> (0x0000000087615dd0) thrown at [./src/hotspot/share/prims/jni.cpp, line 1362]
Event: 84.105 Thread 0x00000218ab773800 Exception <a 'java/lang/NoSuchMethodError'{0x0000000087e083f0}: 'void java.lang.invoke.DirectMethodHandle$Holder.invokeStatic(java.lang.Object, java.lang.Object, java.lang.Object, java.lang.Object, int, java.lang.Object)'> (0x0000000087e083f0) thrown at [./src/hotspot/share/interpreter/linkResolver.cpp, line 773]
Event: 84.212 Thread 0x00000218ab773800 Exception <a 'sun/nio/fs/WindowsException'{0x0000000087514d80}> (0x0000000087514d80) thrown at [./src/hotspot/share/prims/jni.cpp, line 615]
Event: 84.212 Thread 0x00000218ab773800 Exception <a 'sun/nio/fs/WindowsException'{0x0000000087515f20}> (0x0000000087515f20) thrown at [./src/hotspot/share/prims/jni.cpp, line 615]
Event: 84.236 Thread 0x00000218ab773800 Implicit null exception at 0x0000021892c7ba29 to 0x0000021892c7bb10
Event: 84.277 Thread 0x00000218a6754000 Exception <a 'sun/nio/fs/WindowsException'{0x0000000087eeeca0}> (0x0000000087eeeca0) thrown at [./src/hotspot/share/prims/jni.cpp, line 615]
Event: 84.510 Thread 0x00000218a46f1800 Exception <a 'java/lang/NoSuchMethodError'{0x000000008792bad8}: <clinit>> (0x000000008792bad8) thrown at [./src/hotspot/share/prims/jni.cpp, line 1362]
Event: 84.852 Thread 0x00000218a6751800 Exception <a 'sun/nio/fs/WindowsException'{0x00000000886d4d18}> (0x00000000886d4d18) thrown at [./src/hotspot/share/prims/jni.cpp, line 615]
Event: 84.909 Thread 0x00000218a6755000 Exception <a 'sun/nio/fs/WindowsException'{0x0000000088894370}> (0x0000000088894370) thrown at [./src/hotspot/share/prims/jni.cpp, line 615]
Event: 84.949 Thread 0x00000218a48bd800 Exception <a 'sun/nio/fs/WindowsException'{0x000000008bafedd8}> (0x000000008bafedd8) thrown at [./src/hotspot/share/prims/jni.cpp, line 615]
Event: 85.127 Thread 0x00000218a6751800 Exception <a 'java/lang/NoSuchMethodError'{0x000000008abe2690}: 'java.lang.Object java.lang.invoke.DirectMethodHandle$Holder.invokeStatic(java.lang.Object, long)'> (0x000000008abe2690) thrown at [./src/hotspot/share/interpreter/linkResolver.cpp, line 773]
Event: 85.129 Thread 0x00000218a4138800 Exception <a 'sun/nio/fs/WindowsException'{0x000000008aaba050}> (0x000000008aaba050) thrown at [./src/hotspot/share/prims/jni.cpp, line 615]
Event: 85.212 Thread 0x00000218a6751800 Exception <a 'java/lang/NoSuchMethodError'{0x000000008a297ae0}: 'long java.lang.invoke.DirectMethodHandle$Holder.invokeStatic(java.lang.Object, java.lang.Object)'> (0x000000008a297ae0) thrown at [./src/hotspot/share/interpreter/linkResolver.cpp, line 773]
Event: 85.302 Thread 0x00000218a48b7800 Exception <a 'sun/nio/fs/WindowsException'{0x000000008bb64e58}> (0x000000008bb64e58) thrown at [./src/hotspot/share/prims/jni.cpp, line 615]
Event: 85.768 Thread 0x00000218a6752800 Exception <a 'sun/nio/fs/WindowsException'{0x000000008b278c08}> (0x000000008b278c08) thrown at [./src/hotspot/share/prims/jni.cpp, line 615]
Event: 85.897 Thread 0x00000218a6755000 Exception <a 'java/lang/NoSuchMethodError'{0x000000008c215098}: 'java.lang.Object java.lang.invoke.DirectMethodHandle$Holder.newInvokeSpecial(java.lang.Object, int)'> (0x000000008c215098) thrown at [./src/hotspot/share/interpreter/linkResolver.cpp, line 773]

Events (20 events):
Event: 86.101 loading class com/android/tools/r8/graph/r0 done
Event: 86.101 loading class com/android/tools/r8/graph/r0
Event: 86.101 loading class com/android/tools/r8/graph/r0 done
Event: 86.101 loading class com/android/tools/r8/v/a/t/l
Event: 86.101 loading class com/android/tools/r8/v/a/t/l done
Event: 86.101 loading class com/android/tools/r8/v/a/t/l
Event: 86.101 loading class com/android/tools/r8/v/a/t/l done
Event: 86.101 loading class com/android/tools/r8/v/a/t/l
Event: 86.101 loading class com/android/tools/r8/v/a/t/l done
Event: 86.101 loading class com/android/tools/r8/v/a/t/f
Event: 86.101 loading class com/android/tools/r8/v/a/t/f done
Event: 86.101 loading class com/android/tools/r8/v/a/t/f
Event: 86.101 loading class com/android/tools/r8/v/a/t/f done
Event: 86.101 loading class com/android/tools/r8/v/a/t/f
Event: 86.101 loading class com/android/tools/r8/v/a/t/f done
Event: 86.102 loading class com/android/tools/r8/v/a/t/l
Event: 86.102 loading class com/android/tools/r8/v/a/t/l done
Event: 86.102 loading class com/android/tools/r8/v/a/t/l
Event: 86.102 loading class com/android/tools/r8/v/a/t/l done
Event: 86.103 Executing VM operation: G1CollectForAllocation


Dynamic libraries:
0x00007ff607ea0000 - 0x00007ff607eaa000 	C:\Program Files\Android\Android Studio\jre\bin\java.exe
0x00007fff689b0000 - 0x00007fff68ba5000 	C:\Windows\SYSTEM32\ntdll.dll
0x00007fff66fd0000 - 0x00007fff6708d000 	C:\Windows\System32\KERNEL32.DLL
0x00007fff66470000 - 0x00007fff66738000 	C:\Windows\System32\KERNELBASE.dll
0x00007fff66250000 - 0x00007fff66350000 	C:\Windows\System32\ucrtbase.dll
0x00007fff58360000 - 0x00007fff58379000 	C:\Program Files\Android\Android Studio\jre\bin\jli.dll
0x00007fff54310000 - 0x00007fff54327000 	C:\Program Files\Android\Android Studio\jre\bin\VCRUNTIME140.dll
0x00007fff67ce0000 - 0x00007fff67e80000 	C:\Windows\System32\USER32.dll
0x00007fff66350000 - 0x00007fff66372000 	C:\Windows\System32\win32u.dll
0x00007fff67370000 - 0x00007fff6739a000 	C:\Windows\System32\GDI32.dll
0x00007fff66740000 - 0x00007fff6684b000 	C:\Windows\System32\gdi32full.dll
0x00007fff663d0000 - 0x00007fff6646d000 	C:\Windows\System32\msvcp_win.dll
0x00007fff489e0000 - 0x00007fff48c7a000 	C:\Windows\WinSxS\amd64_microsoft.windows.common-controls_6595b64144ccf1df_6.0.19041.844_none_ca00b6081b84eb1d\COMCTL32.dll
0x00007fff66d40000 - 0x00007fff66dde000 	C:\Windows\System32\msvcrt.dll
0x00007fff68940000 - 0x00007fff68970000 	C:\Windows\System32\IMM32.DLL
0x00007fff2f4a0000 - 0x00007fff2f53d000 	C:\Program Files\Android\Android Studio\jre\bin\msvcp140.dll
0x00007fff1e260000 - 0x00007fff1ed1c000 	C:\Program Files\Android\Android Studio\jre\bin\server\jvm.dll
0x00007fff66de0000 - 0x00007fff66e8c000 	C:\Windows\System32\ADVAPI32.dll
0x00007fff674f0000 - 0x00007fff6758b000 	C:\Windows\System32\sechost.dll
0x00007fff66ea0000 - 0x00007fff66fcb000 	C:\Windows\System32\RPCRT4.dll
0x00007fff66e90000 - 0x00007fff66e98000 	C:\Windows\System32\PSAPI.DLL
0x00007fff5f3a0000 - 0x00007fff5f3a9000 	C:\Windows\SYSTEM32\WSOCK32.dll
0x00007fff5fa70000 - 0x00007fff5fa7a000 	C:\Windows\SYSTEM32\VERSION.dll
0x00007fff48e70000 - 0x00007fff48e97000 	C:\Windows\SYSTEM32\WINMM.dll
0x00007fff67170000 - 0x00007fff671db000 	C:\Windows\System32\WS2_32.dll
0x00007fff648b0000 - 0x00007fff648c2000 	C:\Windows\SYSTEM32\kernel.appcore.dll
0x00007fff59e30000 - 0x00007fff59e41000 	C:\Program Files\Android\Android Studio\jre\bin\verify.dll
0x00007fff64580000 - 0x00007fff64764000 	C:\Windows\SYSTEM32\DBGHELP.DLL
0x00007fff5e700000 - 0x00007fff5e72c000 	C:\Windows\SYSTEM32\dbgcore.DLL
0x00007fff66930000 - 0x00007fff669b0000 	C:\Windows\System32\bcryptPrimitives.dll
0x00007fff592f0000 - 0x00007fff59319000 	C:\Program Files\Android\Android Studio\jre\bin\java.dll
0x00007fff5a0d0000 - 0x00007fff5a0db000 	C:\Program Files\Android\Android Studio\jre\bin\jimage.dll
0x00007fff58d30000 - 0x00007fff58d48000 	C:\Program Files\Android\Android Studio\jre\bin\zip.dll
0x00007fff67590000 - 0x00007fff67cd2000 	C:\Windows\System32\SHELL32.dll
0x00007fff63df0000 - 0x00007fff64580000 	C:\Windows\SYSTEM32\windows.storage.dll
0x00007fff67ef0000 - 0x00007fff68245000 	C:\Windows\System32\combase.dll
0x00007fff659c0000 - 0x00007fff659ec000 	C:\Windows\SYSTEM32\Wldp.dll
0x00007fff68250000 - 0x00007fff682fe000 	C:\Windows\System32\SHCORE.dll
0x00007fff67e80000 - 0x00007fff67ed5000 	C:\Windows\System32\shlwapi.dll
0x00007fff66030000 - 0x00007fff6604f000 	C:\Windows\SYSTEM32\profapi.dll
0x00007fff58700000 - 0x00007fff5871a000 	C:\Program Files\Android\Android Studio\jre\bin\net.dll
0x00007fff650e0000 - 0x00007fff651eb000 	C:\Windows\SYSTEM32\WINHTTP.dll
0x00007fff657a0000 - 0x00007fff6580a000 	C:\Windows\system32\mswsock.dll
0x00007fff58510000 - 0x00007fff58524000 	C:\Program Files\Android\Android Studio\jre\bin\nio.dll
0x00007fff59ab0000 - 0x00007fff59ad7000 	C:\Users\anorak.act\.gradle\native\fdc75f09e3144964f2cf3f50f0aa648679c211496f362492102eb8c894070792\windows-amd64\native-platform.dll
0x00007fff3ff20000 - 0x00007fff400b6000 	C:\Users\anorak.act\.gradle\native\12488b8bf47d2d4c9fbf2f6322a914ad602e24e48041cd04a747c6da556b65c4\windows-amd64\native-platform-file-events.dll
0x00007fff59fb0000 - 0x00007fff59fba000 	C:\Program Files\Android\Android Studio\jre\bin\management.dll
0x00007fff59c90000 - 0x00007fff59c9c000 	C:\Program Files\Android\Android Studio\jre\bin\management_ext.dll
0x00007fff65a00000 - 0x00007fff65a18000 	C:\Windows\SYSTEM32\CRYPTSP.dll
0x00007fff65050000 - 0x00007fff65084000 	C:\Windows\system32\rsaenh.dll
0x00007fff66900000 - 0x00007fff66927000 	C:\Windows\System32\bcrypt.dll
0x00007fff65ff0000 - 0x00007fff6601e000 	C:\Windows\SYSTEM32\USERENV.dll
0x00007fff65920000 - 0x00007fff6592c000 	C:\Windows\SYSTEM32\CRYPTBASE.dll
0x00007fff654b0000 - 0x00007fff654eb000 	C:\Windows\SYSTEM32\IPHLPAPI.DLL
0x00007fff67ee0000 - 0x00007fff67ee8000 	C:\Windows\System32\NSI.dll
0x00007fff603b0000 - 0x00007fff603c7000 	C:\Windows\SYSTEM32\dhcpcsvc6.DLL
0x00007fff60370000 - 0x00007fff6038d000 	C:\Windows\SYSTEM32\dhcpcsvc.DLL
0x00007fff654f0000 - 0x00007fff655bc000 	C:\Windows\SYSTEM32\DNSAPI.dll
0x00007fff60f00000 - 0x00007fff60f0b000 	C:\Windows\SYSTEM32\WINNSI.DLL
0x00007fff57d90000 - 0x00007fff57db7000 	C:\Program Files\Android\Android Studio\jre\bin\sunec.dll
0x00007fff5e650000 - 0x00007fff5e65a000 	C:\Windows\System32\rasadhlp.dll
0x00007fff60d90000 - 0x00007fff60e0f000 	C:\Windows\System32\fwpuclnt.dll

dbghelp: loaded successfully - version: 4.0.5 - missing functions: none
symbol engine: initialized successfully - sym options: 0x614 - pdb path: .;C:\Program Files\Android\Android Studio\jre\bin;C:\Windows\SYSTEM32;C:\Windows\WinSxS\amd64_microsoft.windows.common-controls_6595b64144ccf1df_6.0.19041.844_none_ca00b6081b84eb1d;C:\Program Files\Android\Android Studio\jre\bin\server;C:\Users\anorak.act\.gradle\native\fdc75f09e3144964f2cf3f50f0aa648679c211496f362492102eb8c894070792\windows-amd64;C:\Users\anorak.act\.gradle\native\12488b8bf47d2d4c9fbf2f6322a914ad602e24e48041cd04a747c6da556b65c4\windows-amd64

VM Arguments:
jvm_args: --add-opens=java.base/java.util=ALL-UNNAMED --add-opens=java.base/java.lang=ALL-UNNAMED --add-opens=java.base/java.lang.invoke=ALL-UNNAMED --add-opens=java.prefs/java.util.prefs=ALL-UNNAMED -Xmx2048m -Dfile.encoding=UTF-8 -Duser.country=US -Duser.language=en -Duser.variant 
java_command: org.gradle.launcher.daemon.bootstrap.GradleDaemon 6.7.1
java_class_path (initial): C:\Users\anorak.act\.gradle\wrapper\dists\gradle-6.7.1-bin\bwlcbys1h7rz3272sye1xwiv6\gradle-6.7.1\lib\gradle-launcher-6.7.1.jar
Launcher Type: SUN_STANDARD

[Global flags]
     intx CICompilerCount                          = 4                                         {product} {ergonomic}
     uint ConcGCThreads                            = 2                                         {product} {ergonomic}
     uint G1ConcRefinementThreads                  = 8                                         {product} {ergonomic}
   size_t G1HeapRegionSize                         = 1048576                                   {product} {ergonomic}
    uintx GCDrainStackTargetSize                   = 64                                        {product} {ergonomic}
   size_t InitialHeapSize                          = 134217728                                 {product} {ergonomic}
   size_t MarkStackSize                            = 4194304                                   {product} {ergonomic}
   size_t MaxHeapSize                              = 2147483648                                {product} {command line}
   size_t MaxNewSize                               = 1287651328                                {product} {ergonomic}
   size_t MinHeapDeltaBytes                        = 1048576                                   {product} {ergonomic}
    uintx NonNMethodCodeHeapSize                   = 5836300                                {pd product} {ergonomic}
    uintx NonProfiledCodeHeapSize                  = 122910970                              {pd product} {ergonomic}
    uintx ProfiledCodeHeapSize                     = 122910970                              {pd product} {ergonomic}
    uintx ReservedCodeCacheSize                    = 251658240                              {pd product} {ergonomic}
     bool SegmentedCodeCache                       = true                                      {product} {ergonomic}
     bool UseCompressedClassPointers               = true                                 {lp64_product} {ergonomic}
     bool UseCompressedOops                        = true                                 {lp64_product} {ergonomic}
     bool UseG1GC                                  = true                                      {product} {ergonomic}
     bool UseLargePagesIndividualAllocation        = false                                  {pd product} {ergonomic}

Logging:
Log output configuration:
 #0: stdout all=warning uptime,level,tags
 #1: stderr all=off uptime,level,tags

Environment Variables:
PATH=C:\Program Files\Common Files\Oracle\Java\javapath;C:\Windows\system32;C:\Windows;C:\Windows\System32\Wbem;C:\Windows\System32\WindowsPowerShell\v1.0\;C:\Windows\System32\OpenSSH\;C:\Program Files\Git\cmd;C:\xampp\php;C:\ProgramData\ComposerSetup\bin;C:\Program Files\Docker\Docker\resources\bin;C:\ProgramData\DockerDesktop\version-bin;C:\Program Files\Java\jdk-16.0.1\bin;C:\Users\anorak.act\AppData\Local\Programs\Microsoft VS Code\bin
USERNAME=anorak.act
OS=Windows_NT
PROCESSOR_IDENTIFIER=Intel64 Family 6 Model 142 Stepping 12, GenuineIntel



---------------  S Y S T E M  ---------------

OS: Windows 10 , 64 bit Build 19041 (10.0.19041.928)
OS uptime: 2 days 13:45 hours
HyperV virtualization detected

CPU:total 8 (initial active 8) (4 cores per cpu, 2 threads per core) family 6 model 142 stepping 12, cmov, cx8, fxsr, mmx, sse, sse2, sse3, ssse3, sse4.1, sse4.2, popcnt, avx, avx2, aes, clmul, erms, 3dnowpref, lzcnt, ht, tsc, tscinvbit, bmi1, bmi2, adx, fma

Memory: 4k page, system-wide physical 8068M (193M free)
TotalPageFile size 17568M (AvailPageFile size 41M)
current process WorkingSet (physical memory assigned to process): 420M, peak: 420M
current process commit charge ("private bytes"): 554M, peak: 755M

vm_info: OpenJDK 64-Bit Server VM (11.0.8+10-b944.6842174) for windows-amd64 JRE (11.0.8+10-b944.6842174), built on Sep 19 2020 01:11:42 by "builder" with MS VC++ 14.0 (VS2015)

END.
